Flow report for rgr_frolov
Wed Oct 14 13:37:34 2020
Quartus II Version 11.0 Build 208 07/03/2011 Service Pack 1 SJ Web Edition


---------------------
; Table of Contents ;
---------------------
  1. Legal Notice
  2. Flow Summary
  3. Flow Settings
  4. Flow Non-Default Global Settings
  5. Flow Elapsed Time
  6. Flow OS Summary
  7. Flow Log



----------------
; Legal Notice ;
----------------
Copyright (C) 1991-2011 Altera Corporation
Your use of Altera Corporation's design tools, logic functions 
and other software and tools, and its AMPP partner logic 
functions, and any output files from any of the foregoing 
(including device programming or simulation files), and any 
associated documentation or information are expressly subject 
to the terms and conditions of the Altera Program License 
Subscription Agreement, Altera MegaCore Function License 
Agreement, or other applicable license agreement, including, 
without limitation, that your use is for the sole purpose of 
programming logic devices manufactured by Altera and sold by 
Altera or its authorized distributors.  Please refer to the 
applicable agreement for further details.



+-----------------------------------------------------------------------+
; Flow Summary                                                          ;
+-----------------------+-----------------------------------------------+
; Flow Status           ; Successful - Wed Oct 14 13:37:34 2020         ;
; Quartus II Version    ; 11.0 Build 208 07/03/2011 SP 1 SJ Web Edition ;
; Revision Name         ; rgr_frolov                                    ;
; Top-level Entity Name ; voltage_stabilizer                            ;
; Family                ; Cyclone                                       ;
; Device                ; EP1C3T144C8                                   ;
; Timing Models         ; Final                                         ;
; Total logic elements  ; 19 / 2,910 ( < 1 % )                          ;
; Total pins            ; 12 / 104 ( 12 % )                             ;
; Total virtual pins    ; 0                                             ;
; Total memory bits     ; 0 / 59,904 ( 0 % )                            ;
; Total PLLs            ; 0 / 1 ( 0 % )                                 ;
+-----------------------+-----------------------------------------------+


+-----------------------------------------+
; Flow Settings                           ;
+-------------------+---------------------+
; Option            ; Setting             ;
+-------------------+---------------------+
; Start date & time ; 10/14/2020 13:37:30 ;
; Main task         ; Compilation         ;
; Revision Name     ; rgr_frolov          ;
+-------------------+---------------------+


+-----------------------------------------------------------------------------------------------------------------------+
; Flow Non-Default Global Settings                                                                                      ;
+-------------------------------------+-------------------------------+---------------+--------------------+------------+
; Assignment Name                     ; Value                         ; Default Value ; Entity Name        ; Section Id ;
+-------------------------------------+-------------------------------+---------------+--------------------+------------+
; COMPILER_SIGNATURE_ID               ; 1095714970063.160264664903836 ; --            ; --                 ; --         ;
; PARTITION_COLOR                     ; 16764057                      ; --            ; voltage_stabilizer ; Top        ;
; PARTITION_FITTER_PRESERVATION_LEVEL ; PLACEMENT_AND_ROUTING         ; --            ; voltage_stabilizer ; Top        ;
; PARTITION_NETLIST_TYPE              ; SOURCE                        ; --            ; voltage_stabilizer ; Top        ;
; TOP_LEVEL_ENTITY                    ; voltage_stabilizer            ; rgr_frolov    ; --                 ; --         ;
+-------------------------------------+-------------------------------+---------------+--------------------+------------+


+-------------------------------------------------------------------------------------------------------------------------------+
; Flow Elapsed Time                                                                                                             ;
+---------------------------+--------------+-------------------------+---------------------+------------------------------------+
; Module Name               ; Elapsed Time ; Average Processors Used ; Peak Virtual Memory ; Total CPU Time (on all processors) ;
+---------------------------+--------------+-------------------------+---------------------+------------------------------------+
; Analysis & Synthesis      ; 00:00:02     ; 1.0                     ; 283 MB              ; 00:00:01                           ;
; Fitter                    ; 00:00:01     ; 1.0                     ; 287 MB              ; 00:00:01                           ;
; Assembler                 ; 00:00:00     ; 1.0                     ; 233 MB              ; 00:00:00                           ;
; TimeQuest Timing Analyzer ; 00:00:00     ; 1.0                     ; 223 MB              ; 00:00:01                           ;
; Total                     ; 00:00:03     ; --                      ; --                  ; 00:00:03                           ;
+---------------------------+--------------+-------------------------+---------------------+------------------------------------+


+----------------------------------------------------------------------------------------+
; Flow OS Summary                                                                        ;
+---------------------------+------------------+-----------+------------+----------------+
; Module Name               ; Machine Hostname ; OS Name   ; OS Version ; Processor type ;
+---------------------------+------------------+-----------+------------+----------------+
; Analysis & Synthesis      ; Veronica-PC      ; Windows 7 ; 6.1        ; x86_64         ;
; Fitter                    ; Veronica-PC      ; Windows 7 ; 6.1        ; x86_64         ;
; Assembler                 ; Veronica-PC      ; Windows 7 ; 6.1        ; x86_64         ;
; TimeQuest Timing Analyzer ; Veronica-PC      ; Windows 7 ; 6.1        ; x86_64         ;
+---------------------------+------------------+-----------+------------+----------------+


------------
; Flow Log ;
------------
quartus_map --read_settings_files=on --write_settings_files=off rgr_frolov -c rgr_frolov
quartus_fit --read_settings_files=off --write_settings_files=off rgr_frolov -c rgr_frolov
quartus_asm --read_settings_files=off --write_settings_files=off rgr_frolov -c rgr_frolov
quartus_sta rgr_frolov -c rgr_frolov



