TimeQuest Timing Analyzer report for rgr_frolov
Wed Oct 14 13:37:34 2020
Quartus II Version 11.0 Build 208 07/03/2011 Service Pack 1 SJ Web Edition


---------------------
; Table of Contents ;
---------------------
  1. Legal Notice
  2. TimeQuest Timing Analyzer Summary
  3. Parallel Compilation
  4. SDC File List
  5. Clocks
  6. Fmax Summary
  7. Setup Summary
  8. Hold Summary
  9. Recovery Summary
 10. Removal Summary
 11. Minimum Pulse Width Summary
 12. Setup: 'clk'
 13. Hold: 'clk'
 14. Minimum Pulse Width: 'clk'
 15. Setup Times
 16. Hold Times
 17. Clock to Output Times
 18. Minimum Clock to Output Times
 19. Setup Transfers
 20. Hold Transfers
 21. Report TCCS
 22. Report RSKM
 23. Unconstrained Paths
 24. TimeQuest Timing Analyzer Messages



----------------
; Legal Notice ;
----------------
Copyright (C) 1991-2011 Altera Corporation
Your use of Altera Corporation's design tools, logic functions 
and other software and tools, and its AMPP partner logic 
functions, and any output files from any of the foregoing 
(including device programming or simulation files), and any 
associated documentation or information are expressly subject 
to the terms and conditions of the Altera Program License 
Subscription Agreement, Altera MegaCore Function License 
Agreement, or other applicable license agreement, including, 
without limitation, that your use is for the sole purpose of 
programming logic devices manufactured by Altera and sold by 
Altera or its authorized distributors.  Please refer to the 
applicable agreement for further details.



+--------------------------------------------------------------------------------------+
; TimeQuest Timing Analyzer Summary                                                    ;
+--------------------+-----------------------------------------------------------------+
; Quartus II Version ; Version 11.0 Build 208 07/03/2011 Service Pack 1 SJ Web Edition ;
; Revision Name      ; rgr_frolov                                                      ;
; Device Family      ; Cyclone                                                         ;
; Device Name        ; EP1C3T144C8                                                     ;
; Timing Models      ; Final                                                           ;
; Delay Model        ; Slow Model                                                      ;
; Rise/Fall Delays   ; Unavailable                                                     ;
+--------------------+-----------------------------------------------------------------+


Parallel compilation was disabled, but you have multiple processors available. Enable parallel compilation to reduce compilation time.
+-------------------------------------+
; Parallel Compilation                ;
+----------------------------+--------+
; Processors                 ; Number ;
+----------------------------+--------+
; Number detected on machine ; 4      ;
; Maximum allowed            ; 1      ;
+----------------------------+--------+


+----------------------------------------------------+
; SDC File List                                      ;
+----------------+--------+--------------------------+
; SDC File Path  ; Status ; Read at                  ;
+----------------+--------+--------------------------+
; rgr_frolov.sdc ; OK     ; Wed Oct 14 13:37:34 2020 ;
+----------------+--------+--------------------------+


+---------------------------------------------------------------------------------------------------------------------------------------------------------------------------------+
; Clocks                                                                                                                                                                          ;
+------------+------+--------+------------+-------+-------+------------+-----------+-------------+-------+--------+-----------+------------+----------+--------+--------+---------+
; Clock Name ; Type ; Period ; Frequency  ; Rise  ; Fall  ; Duty Cycle ; Divide by ; Multiply by ; Phase ; Offset ; Edge List ; Edge Shift ; Inverted ; Master ; Source ; Targets ;
+------------+------+--------+------------+-------+-------+------------+-----------+-------------+-------+--------+-----------+------------+----------+--------+--------+---------+
; clk        ; Base ; 1.000  ; 1000.0 MHz ; 0.000 ; 0.500 ;            ;           ;             ;       ;        ;           ;            ;          ;        ;        ; { clk } ;
+------------+------+--------+------------+-------+-------+------------+-----------+-------------+-------+--------+-----------+------------+----------+--------+--------+---------+


+--------------------------------------------------+
; Fmax Summary                                     ;
+------------+-----------------+------------+------+
; Fmax       ; Restricted Fmax ; Clock Name ; Note ;
+------------+-----------------+------------+------+
; 264.69 MHz ; 264.69 MHz      ; clk        ;      ;
+------------+-----------------+------------+------+
This panel reports FMAX for every clock in the design, regardless of the user-specified clock periods.  FMAX is only computed for paths where the source and destination registers or ports are driven by the same clock.  Paths of different clocks, including generated clocks, are ignored.  For paths between a clock and its inversion, FMAX is computed as if the rising and falling edges are scaled along with FMAX, such that the duty cycle (in terms of a percentage) is maintained. Altera recommends that you always use clock constraints and other slack reports for sign-off analysis.


+--------------------------------+
; Setup Summary                  ;
+-------+--------+---------------+
; Clock ; Slack  ; End Point TNS ;
+-------+--------+---------------+
; clk   ; -2.778 ; -12.281       ;
+-------+--------+---------------+


+-------------------------------+
; Hold Summary                  ;
+-------+-------+---------------+
; Clock ; Slack ; End Point TNS ;
+-------+-------+---------------+
; clk   ; 1.103 ; 0.000         ;
+-------+-------+---------------+


--------------------
; Recovery Summary ;
--------------------
No paths to report.


-------------------
; Removal Summary ;
-------------------
No paths to report.


+--------------------------------+
; Minimum Pulse Width Summary    ;
+-------+--------+---------------+
; Clock ; Slack  ; End Point TNS ;
+-------+--------+---------------+
; clk   ; -1.583 ; -20.035       ;
+-------+--------+---------------+


+-----------------------------------------------------------------------------------------------------+
; Setup: 'clk'                                                                                        ;
+--------+-----------+----------+--------------+-------------+--------------+------------+------------+
; Slack  ; From Node ; To Node  ; Launch Clock ; Latch Clock ; Relationship ; Clock Skew ; Data Delay ;
+--------+-----------+----------+--------------+-------------+--------------+------------+------------+
; -2.778 ; state.S3  ; state.S4 ; clk          ; clk         ; 1.000        ; -0.052     ; 3.689      ;
; -2.625 ; state.S4  ; state.S3 ; clk          ; clk         ; 1.000        ; 0.052      ; 3.640      ;
; -1.720 ; state.S6  ; state.S5 ; clk          ; clk         ; 1.000        ; 0.000      ; 2.683      ;
; -1.624 ; state.S1  ; state.S2 ; clk          ; clk         ; 1.000        ; 0.000      ; 2.587      ;
; -1.615 ; state.S1  ; state.S1 ; clk          ; clk         ; 1.000        ; 0.000      ; 2.578      ;
; -1.416 ; state.S5  ; state.S5 ; clk          ; clk         ; 1.000        ; 0.000      ; 2.379      ;
; -1.246 ; state.S5  ; state.S4 ; clk          ; clk         ; 1.000        ; 0.000      ; 2.209      ;
; -1.219 ; state.S2  ; state.S3 ; clk          ; clk         ; 1.000        ; 0.000      ; 2.182      ;
; -1.116 ; state.S3  ; state.S2 ; clk          ; clk         ; 1.000        ; 0.000      ; 2.079      ;
; -1.114 ; state.S0  ; state.S1 ; clk          ; clk         ; 1.000        ; 0.000      ; 2.077      ;
; -1.050 ; state.S4  ; state.S4 ; clk          ; clk         ; 1.000        ; 0.000      ; 2.013      ;
; -0.969 ; state.S6  ; state.S6 ; clk          ; clk         ; 1.000        ; 0.000      ; 1.932      ;
; -0.950 ; state.S1  ; state.S0 ; clk          ; clk         ; 1.000        ; 0.000      ; 1.913      ;
; -0.678 ; state.S5  ; state.S6 ; clk          ; clk         ; 1.000        ; 0.000      ; 1.641      ;
; -0.438 ; state.S0  ; state.S0 ; clk          ; clk         ; 1.000        ; 0.000      ; 1.401      ;
; -0.415 ; state.S3  ; state.S3 ; clk          ; clk         ; 1.000        ; 0.000      ; 1.378      ;
; -0.305 ; state.S4  ; state.S5 ; clk          ; clk         ; 1.000        ; 0.000      ; 1.268      ;
; -0.169 ; state.S2  ; state.S1 ; clk          ; clk         ; 1.000        ; 0.000      ; 1.132      ;
; -0.155 ; state.S2  ; state.S2 ; clk          ; clk         ; 1.000        ; 0.000      ; 1.118      ;
+--------+-----------+----------+--------------+-------------+--------------+------------+------------+


+----------------------------------------------------------------------------------------------------+
; Hold: 'clk'                                                                                        ;
+-------+-----------+----------+--------------+-------------+--------------+------------+------------+
; Slack ; From Node ; To Node  ; Launch Clock ; Latch Clock ; Relationship ; Clock Skew ; Data Delay ;
+-------+-----------+----------+--------------+-------------+--------------+------------+------------+
; 1.103 ; state.S2  ; state.S2 ; clk          ; clk         ; 0.000        ; 0.000      ; 1.118      ;
; 1.117 ; state.S2  ; state.S1 ; clk          ; clk         ; 0.000        ; 0.000      ; 1.132      ;
; 1.253 ; state.S4  ; state.S5 ; clk          ; clk         ; 0.000        ; 0.000      ; 1.268      ;
; 1.363 ; state.S3  ; state.S3 ; clk          ; clk         ; 0.000        ; 0.000      ; 1.378      ;
; 1.383 ; state.S5  ; state.S5 ; clk          ; clk         ; 0.000        ; 0.000      ; 1.398      ;
; 1.386 ; state.S0  ; state.S0 ; clk          ; clk         ; 0.000        ; 0.000      ; 1.401      ;
; 1.559 ; state.S4  ; state.S4 ; clk          ; clk         ; 0.000        ; 0.000      ; 1.574      ;
; 1.626 ; state.S5  ; state.S6 ; clk          ; clk         ; 0.000        ; 0.000      ; 1.641      ;
; 1.685 ; state.S6  ; state.S5 ; clk          ; clk         ; 0.000        ; 0.000      ; 1.700      ;
; 1.898 ; state.S1  ; state.S0 ; clk          ; clk         ; 0.000        ; 0.000      ; 1.913      ;
; 1.910 ; state.S0  ; state.S1 ; clk          ; clk         ; 0.000        ; 0.000      ; 1.925      ;
; 1.912 ; state.S3  ; state.S2 ; clk          ; clk         ; 0.000        ; 0.000      ; 1.927      ;
; 1.917 ; state.S6  ; state.S6 ; clk          ; clk         ; 0.000        ; 0.000      ; 1.932      ;
; 2.167 ; state.S2  ; state.S3 ; clk          ; clk         ; 0.000        ; 0.000      ; 2.182      ;
; 2.194 ; state.S5  ; state.S4 ; clk          ; clk         ; 0.000        ; 0.000      ; 2.209      ;
; 2.417 ; state.S1  ; state.S2 ; clk          ; clk         ; 0.000        ; 0.000      ; 2.432      ;
; 2.421 ; state.S1  ; state.S1 ; clk          ; clk         ; 0.000        ; 0.000      ; 2.436      ;
; 3.286 ; state.S3  ; state.S4 ; clk          ; clk         ; 0.000        ; -0.052     ; 3.249      ;
; 3.573 ; state.S4  ; state.S3 ; clk          ; clk         ; 0.000        ; 0.052      ; 3.640      ;
+-------+-----------+----------+--------------+-------------+--------------+------------+------------+


+-----------------------------------------------------------------------------------------------+
; Minimum Pulse Width: 'clk'                                                                    ;
+--------+--------------+----------------+------------------+-------+------------+--------------+
; Slack  ; Actual Width ; Required Width ; Type             ; Clock ; Clock Edge ; Target       ;
+--------+--------------+----------------+------------------+-------+------------+--------------+
; -1.583 ; 1.000        ; 2.583          ; Port Rate        ; clk   ; Rise       ; clk          ;
; -1.318 ; 0.500        ; 1.818          ; High Pulse Width ; clk   ; Rise       ; state.S0     ;
; -1.318 ; 0.500        ; 1.818          ; Low Pulse Width  ; clk   ; Rise       ; state.S0     ;
; -1.318 ; 0.500        ; 1.818          ; High Pulse Width ; clk   ; Rise       ; state.S1     ;
; -1.318 ; 0.500        ; 1.818          ; Low Pulse Width  ; clk   ; Rise       ; state.S1     ;
; -1.318 ; 0.500        ; 1.818          ; High Pulse Width ; clk   ; Rise       ; state.S2     ;
; -1.318 ; 0.500        ; 1.818          ; Low Pulse Width  ; clk   ; Rise       ; state.S2     ;
; -1.318 ; 0.500        ; 1.818          ; High Pulse Width ; clk   ; Rise       ; state.S3     ;
; -1.318 ; 0.500        ; 1.818          ; Low Pulse Width  ; clk   ; Rise       ; state.S3     ;
; -1.318 ; 0.500        ; 1.818          ; High Pulse Width ; clk   ; Rise       ; state.S4     ;
; -1.318 ; 0.500        ; 1.818          ; Low Pulse Width  ; clk   ; Rise       ; state.S4     ;
; -1.318 ; 0.500        ; 1.818          ; High Pulse Width ; clk   ; Rise       ; state.S5     ;
; -1.318 ; 0.500        ; 1.818          ; Low Pulse Width  ; clk   ; Rise       ; state.S5     ;
; -1.318 ; 0.500        ; 1.818          ; High Pulse Width ; clk   ; Rise       ; state.S6     ;
; -1.318 ; 0.500        ; 1.818          ; Low Pulse Width  ; clk   ; Rise       ; state.S6     ;
; 0.500  ; 0.500        ; 0.000          ; High Pulse Width ; clk   ; Rise       ; clk|combout  ;
; 0.500  ; 0.500        ; 0.000          ; Low Pulse Width  ; clk   ; Rise       ; clk|combout  ;
; 0.500  ; 0.500        ; 0.000          ; High Pulse Width ; clk   ; Rise       ; state.S0|clk ;
; 0.500  ; 0.500        ; 0.000          ; Low Pulse Width  ; clk   ; Rise       ; state.S0|clk ;
; 0.500  ; 0.500        ; 0.000          ; High Pulse Width ; clk   ; Rise       ; state.S1|clk ;
; 0.500  ; 0.500        ; 0.000          ; Low Pulse Width  ; clk   ; Rise       ; state.S1|clk ;
; 0.500  ; 0.500        ; 0.000          ; High Pulse Width ; clk   ; Rise       ; state.S2|clk ;
; 0.500  ; 0.500        ; 0.000          ; Low Pulse Width  ; clk   ; Rise       ; state.S2|clk ;
; 0.500  ; 0.500        ; 0.000          ; High Pulse Width ; clk   ; Rise       ; state.S3|clk ;
; 0.500  ; 0.500        ; 0.000          ; Low Pulse Width  ; clk   ; Rise       ; state.S3|clk ;
; 0.500  ; 0.500        ; 0.000          ; High Pulse Width ; clk   ; Rise       ; state.S4|clk ;
; 0.500  ; 0.500        ; 0.000          ; Low Pulse Width  ; clk   ; Rise       ; state.S4|clk ;
; 0.500  ; 0.500        ; 0.000          ; High Pulse Width ; clk   ; Rise       ; state.S5|clk ;
; 0.500  ; 0.500        ; 0.000          ; Low Pulse Width  ; clk   ; Rise       ; state.S5|clk ;
; 0.500  ; 0.500        ; 0.000          ; High Pulse Width ; clk   ; Rise       ; state.S6|clk ;
; 0.500  ; 0.500        ; 0.000          ; Low Pulse Width  ; clk   ; Rise       ; state.S6|clk ;
+--------+--------------+----------------+------------------+-------+------------+--------------+


+-----------------------------------------------------------------------+
; Setup Times                                                           ;
+-----------+------------+-------+-------+------------+-----------------+
; Data Port ; Clock Port ; Rise  ; Fall  ; Clock Edge ; Clock Reference ;
+-----------+------------+-------+-------+------------+-----------------+
; bypass    ; clk        ; 5.527 ; 5.527 ; Rise       ; clk             ;
; is_high   ; clk        ; 7.664 ; 7.664 ; Rise       ; clk             ;
; is_low    ; clk        ; 7.161 ; 7.161 ; Rise       ; clk             ;
+-----------+------------+-------+-------+------------+-----------------+


+-------------------------------------------------------------------------+
; Hold Times                                                              ;
+-----------+------------+--------+--------+------------+-----------------+
; Data Port ; Clock Port ; Rise   ; Fall   ; Clock Edge ; Clock Reference ;
+-----------+------------+--------+--------+------------+-----------------+
; bypass    ; clk        ; -4.439 ; -4.439 ; Rise       ; clk             ;
; is_high   ; clk        ; -4.973 ; -4.973 ; Rise       ; clk             ;
; is_low    ; clk        ; -4.959 ; -4.959 ; Rise       ; clk             ;
+-----------+------------+--------+--------+------------+-----------------+


+-----------------------------------------------------------------------+
; Clock to Output Times                                                 ;
+-----------+------------+-------+-------+------------+-----------------+
; Data Port ; Clock Port ; Rise  ; Fall  ; Clock Edge ; Clock Reference ;
+-----------+------------+-------+-------+------------+-----------------+
; y[*]      ; clk        ; 8.461 ; 8.461 ; Rise       ; clk             ;
;  y[0]     ; clk        ; 7.586 ; 7.586 ; Rise       ; clk             ;
;  y[1]     ; clk        ; 6.992 ; 6.992 ; Rise       ; clk             ;
;  y[2]     ; clk        ; 6.939 ; 6.939 ; Rise       ; clk             ;
;  y[3]     ; clk        ; 6.946 ; 6.946 ; Rise       ; clk             ;
;  y[4]     ; clk        ; 8.141 ; 8.141 ; Rise       ; clk             ;
;  y[5]     ; clk        ; 8.175 ; 8.175 ; Rise       ; clk             ;
;  y[6]     ; clk        ; 8.461 ; 8.461 ; Rise       ; clk             ;
+-----------+------------+-------+-------+------------+-----------------+


+-----------------------------------------------------------------------+
; Minimum Clock to Output Times                                         ;
+-----------+------------+-------+-------+------------+-----------------+
; Data Port ; Clock Port ; Rise  ; Fall  ; Clock Edge ; Clock Reference ;
+-----------+------------+-------+-------+------------+-----------------+
; y[*]      ; clk        ; 6.939 ; 6.939 ; Rise       ; clk             ;
;  y[0]     ; clk        ; 7.586 ; 7.586 ; Rise       ; clk             ;
;  y[1]     ; clk        ; 6.992 ; 6.992 ; Rise       ; clk             ;
;  y[2]     ; clk        ; 6.939 ; 6.939 ; Rise       ; clk             ;
;  y[3]     ; clk        ; 6.946 ; 6.946 ; Rise       ; clk             ;
;  y[4]     ; clk        ; 8.141 ; 8.141 ; Rise       ; clk             ;
;  y[5]     ; clk        ; 8.175 ; 8.175 ; Rise       ; clk             ;
;  y[6]     ; clk        ; 8.461 ; 8.461 ; Rise       ; clk             ;
+-----------+------------+-------+-------+------------+-----------------+


+-------------------------------------------------------------------+
; Setup Transfers                                                   ;
+------------+----------+----------+----------+----------+----------+
; From Clock ; To Clock ; RR Paths ; FR Paths ; RF Paths ; FF Paths ;
+------------+----------+----------+----------+----------+----------+
; clk        ; clk      ; 27       ; 0        ; 0        ; 0        ;
+------------+----------+----------+----------+----------+----------+
Entries labeled "false path" only account for clock-to-clock false paths and not path-based false paths. As a result, actual path counts may be lower than reported.


+-------------------------------------------------------------------+
; Hold Transfers                                                    ;
+------------+----------+----------+----------+----------+----------+
; From Clock ; To Clock ; RR Paths ; FR Paths ; RF Paths ; FF Paths ;
+------------+----------+----------+----------+----------+----------+
; clk        ; clk      ; 27       ; 0        ; 0        ; 0        ;
+------------+----------+----------+----------+----------+----------+
Entries labeled "false path" only account for clock-to-clock false paths and not path-based false paths. As a result, actual path counts may be lower than reported.


---------------
; Report TCCS ;
---------------
No dedicated SERDES Transmitter circuitry present in device or used in design


---------------
; Report RSKM ;
---------------
No dedicated SERDES Receiver circuitry present in device or used in design


+------------------------------------------------+
; Unconstrained Paths                            ;
+---------------------------------+-------+------+
; Property                        ; Setup ; Hold ;
+---------------------------------+-------+------+
; Illegal Clocks                  ; 0     ; 0    ;
; Unconstrained Clocks            ; 0     ; 0    ;
; Unconstrained Input Ports       ; 4     ; 4    ;
; Unconstrained Input Port Paths  ; 28    ; 28   ;
; Unconstrained Output Ports      ; 7     ; 7    ;
; Unconstrained Output Port Paths ; 7     ; 7    ;
+---------------------------------+-------+------+


+------------------------------------+
; TimeQuest Timing Analyzer Messages ;
+------------------------------------+
Info: *******************************************************************
Info: Running Quartus II TimeQuest Timing Analyzer
    Info: Version 11.0 Build 208 07/03/2011 Service Pack 1 SJ Web Edition
    Info: Processing started: Wed Oct 14 13:37:34 2020
Info: Command: quartus_sta rgr_frolov -c rgr_frolov
Info: qsta_default_script.tcl version: #1
Warning: Parallel compilation is not licensed and has been disabled
Info: Reading SDC File: 'rgr_frolov.sdc'
Info: No user constrained base clocks found in the design. Calling "derive_clocks -period 1.0"
Info: Deriving Clocks
    Info: create_clock -period 1.000 -name clk clk
Critical Warning: Timing requirements not met
Info: Worst-case setup slack is -2.778
    Info:     Slack End Point TNS Clock 
    Info: ========= ============= =====================
    Info:    -2.778       -12.281 clk 
Info: Worst-case hold slack is 1.103
    Info:     Slack End Point TNS Clock 
    Info: ========= ============= =====================
    Info:     1.103         0.000 clk 
Info: No Recovery paths to report
Info: No Removal paths to report
Info: Worst-case minimum pulse width slack is -1.583
    Info:     Slack End Point TNS Clock 
    Info: ========= ============= =====================
    Info:    -1.583       -20.035 clk 
Info: The selected device family is not supported by the report_metastability command.
Info: Design is not fully constrained for setup requirements
Info: Design is not fully constrained for hold requirements
Info: Quartus II TimeQuest Timing Analyzer was successful. 0 errors, 2 warnings
    Info: Peak virtual memory: 223 megabytes
    Info: Processing ended: Wed Oct 14 13:37:34 2020
    Info: Elapsed time: 00:00:00
    Info: Total CPU time (on all processors): 00:00:01


