Flow report for labar1_3
Wed Sep 02 19:49:20 2020
Quartus II Version 11.0 Build 208 07/03/2011 Service Pack 1 SJ Web Edition


---------------------
; Table of Contents ;
---------------------
  1. Legal Notice
  2. Flow Summary
  3. Flow Settings
  4. Flow Non-Default Global Settings
  5. Flow Elapsed Time
  6. Flow OS Summary
  7. Flow Log



----------------
; Legal Notice ;
----------------
Copyright (C) 1991-2011 Altera Corporation
Your use of Altera Corporation's design tools, logic functions 
and other software and tools, and its AMPP partner logic 
functions, and any output files from any of the foregoing 
(including device programming or simulation files), and any 
associated documentation or information are expressly subject 
to the terms and conditions of the Altera Program License 
Subscription Agreement, Altera MegaCore Function License 
Agreement, or other applicable license agreement, including, 
without limitation, that your use is for the sole purpose of 
programming logic devices manufactured by Altera and sold by 
Altera or its authorized distributors.  Please refer to the 
applicable agreement for further details.



+-----------------------------------------------------------------------+
; Flow Summary                                                          ;
+-----------------------+-----------------------------------------------+
; Flow Status           ; Successful - Wed Sep 02 19:49:15 2020         ;
; Quartus II Version    ; 11.0 Build 208 07/03/2011 SP 1 SJ Web Edition ;
; Revision Name         ; labar1_3                                      ;
; Top-level Entity Name ; Block2                                        ;
; Family                ; Cyclone                                       ;
; Device                ; EP1C3T144C8                                   ;
; Timing Models         ; Final                                         ;
; Total logic elements  ; 33 / 2,910 ( 1 % )                            ;
; Total pins            ; 16 / 104 ( 15 % )                             ;
; Total virtual pins    ; 0                                             ;
; Total memory bits     ; 0 / 59,904 ( 0 % )                            ;
; Total PLLs            ; 0 / 1 ( 0 % )                                 ;
+-----------------------+-----------------------------------------------+


+-----------------------------------------+
; Flow Settings                           ;
+-------------------+---------------------+
; Option            ; Setting             ;
+-------------------+---------------------+
; Start date & time ; 09/02/2020 19:49:04 ;
; Main task         ; Compilation         ;
; Revision Name     ; labar1_3            ;
+-------------------+---------------------+


+------------------------------------------------------------------------------------------------------------------+
; Flow Non-Default Global Settings                                                                                 ;
+-------------------------------------+---------------------------------+---------------+-------------+------------+
; Assignment Name                     ; Value                           ; Default Value ; Entity Name ; Section Id ;
+-------------------------------------+---------------------------------+---------------+-------------+------------+
; COMPILER_SIGNATURE_ID               ; 242467526785164.159904014407140 ; --            ; --          ; --         ;
; IP_TOOL_NAME                        ; LPM_MULT                        ; --            ; --          ; --         ;
; IP_TOOL_VERSION                     ; 11.0                            ; --            ; --          ; --         ;
; MAX_CORE_JUNCTION_TEMP              ; 85                              ; --            ; --          ; --         ;
; MIN_CORE_JUNCTION_TEMP              ; 0                               ; --            ; --          ; --         ;
; MISC_FILE                           ; lpm_mult0.bsf                   ; --            ; --          ; --         ;
; MISC_FILE                           ; lpm_mult0.cmp                   ; --            ; --          ; --         ;
; PARTITION_COLOR                     ; 16764057                        ; --            ; Block2      ; Top        ;
; PARTITION_FITTER_PRESERVATION_LEVEL ; PLACEMENT_AND_ROUTING           ; --            ; Block2      ; Top        ;
; PARTITION_NETLIST_TYPE              ; SOURCE                          ; --            ; Block2      ; Top        ;
; TOP_LEVEL_ENTITY                    ; Block2                          ; labar1_3      ; --          ; --         ;
+-------------------------------------+---------------------------------+---------------+-------------+------------+


+-------------------------------------------------------------------------------------------------------------------------------+
; Flow Elapsed Time                                                                                                             ;
+---------------------------+--------------+-------------------------+---------------------+------------------------------------+
; Module Name               ; Elapsed Time ; Average Processors Used ; Peak Virtual Memory ; Total CPU Time (on all processors) ;
+---------------------------+--------------+-------------------------+---------------------+------------------------------------+
; Analysis & Synthesis      ; 00:00:05     ; 1.0                     ; 294 MB              ; 00:00:02                           ;
; Fitter                    ; 00:00:02     ; 1.0                     ; 286 MB              ; 00:00:01                           ;
; Assembler                 ; 00:00:01     ; 1.0                     ; 235 MB              ; 00:00:01                           ;
; TimeQuest Timing Analyzer ; 00:00:06     ; 1.0                     ; 226 MB              ; 00:00:01                           ;
; Total                     ; 00:00:14     ; --                      ; --                  ; 00:00:05                           ;
+---------------------------+--------------+-------------------------+---------------------+------------------------------------+


+----------------------------------------------------------------------------------------+
; Flow OS Summary                                                                        ;
+---------------------------+------------------+-----------+------------+----------------+
; Module Name               ; Machine Hostname ; OS Name   ; OS Version ; Processor type ;
+---------------------------+------------------+-----------+------------+----------------+
; Analysis & Synthesis      ; 3k211mb19book    ; Windows 7 ; 6.2        ; x86_64         ;
; Fitter                    ; 3k211mb19book    ; Windows 7 ; 6.2        ; x86_64         ;
; Assembler                 ; 3k211mb19book    ; Windows 7 ; 6.2        ; x86_64         ;
; TimeQuest Timing Analyzer ; 3k211mb19book    ; Windows 7 ; 6.2        ; x86_64         ;
+---------------------------+------------------+-----------+------------+----------------+


------------
; Flow Log ;
------------
quartus_map --read_settings_files=on --write_settings_files=off labar1_3 -c labar1_3
quartus_fit --read_settings_files=off --write_settings_files=off labar1_3 -c labar1_3
quartus_asm --read_settings_files=off --write_settings_files=off labar1_3 -c labar1_3
quartus_sta labar1_3 -c labar1_3



