Analysis & Synthesis report for alu_schematic
Sat Dec 26 12:44:25 2020
Quartus II Version 11.0 Build 208 07/03/2011 Service Pack 1 SJ Web Edition


---------------------
; Table of Contents ;
---------------------
  1. Legal Notice
  2. Analysis & Synthesis Summary
  3. Analysis & Synthesis Settings
  4. Parallel Compilation
  5. Analysis & Synthesis Source Files Read
  6. Analysis & Synthesis Resource Usage Summary
  7. Analysis & Synthesis Resource Utilization by Entity
  8. Analysis & Synthesis IP Cores Summary
  9. General Register Statistics
 10. Parameter Settings for User Entity Instance: lpm_mux1:carry_mux|LPM_MUX:LPM_MUX_component
 11. Parameter Settings for User Entity Instance: lpm_add_sub0:add_sub|lpm_add_sub:LPM_ADD_SUB_component
 12. Parameter Settings for User Entity Instance: lpm_mux0:result_mux|LPM_MUX:LPM_MUX_component
 13. Elapsed Time Per Partition
 14. Analysis & Synthesis Messages



----------------
; Legal Notice ;
----------------
Copyright (C) 1991-2011 Altera Corporation
Your use of Altera Corporation's design tools, logic functions 
and other software and tools, and its AMPP partner logic 
functions, and any output files from any of the foregoing 
(including device programming or simulation files), and any 
associated documentation or information are expressly subject 
to the terms and conditions of the Altera Program License 
Subscription Agreement, Altera MegaCore Function License 
Agreement, or other applicable license agreement, including, 
without limitation, that your use is for the sole purpose of 
programming logic devices manufactured by Altera and sold by 
Altera or its authorized distributors.  Please refer to the 
applicable agreement for further details.



+-----------------------------------------------------------------------------+
; Analysis & Synthesis Summary                                                ;
+-----------------------------+-----------------------------------------------+
; Analysis & Synthesis Status ; Successful - Sat Dec 26 12:44:25 2020         ;
; Quartus II Version          ; 11.0 Build 208 07/03/2011 SP 1 SJ Web Edition ;
; Revision Name               ; alu_schematic                                 ;
; Top-level Entity Name       ; alu_schematic                                 ;
; Family                      ; Cyclone                                       ;
; Total logic elements        ; 52                                            ;
; Total pins                  ; 28                                            ;
; Total virtual pins          ; 0                                             ;
; Total memory bits           ; 0                                             ;
; Total PLLs                  ; 0                                             ;
+-----------------------------+-----------------------------------------------+


+----------------------------------------------------------------------------------------------------------------------+
; Analysis & Synthesis Settings                                                                                        ;
+----------------------------------------------------------------------------+--------------------+--------------------+
; Option                                                                     ; Setting            ; Default Value      ;
+----------------------------------------------------------------------------+--------------------+--------------------+
; Device                                                                     ; EP1C3T144C8        ;                    ;
; Top-level entity name                                                      ; alu_schematic      ; alu_schematic      ;
; Family name                                                                ; Cyclone            ; Cyclone IV GX      ;
; Use smart compilation                                                      ; Off                ; Off                ;
; Enable parallel Assembler and TimeQuest Timing Analyzer during compilation ; On                 ; On                 ;
; Enable compact report table                                                ; Off                ; Off                ;
; Restructure Multiplexers                                                   ; Auto               ; Auto               ;
; Create Debugging Nodes for IP Cores                                        ; Off                ; Off                ;
; Preserve fewer node names                                                  ; On                 ; On                 ;
; Disable OpenCore Plus hardware evaluation                                  ; Off                ; Off                ;
; Verilog Version                                                            ; Verilog_2001       ; Verilog_2001       ;
; VHDL Version                                                               ; VHDL_1993          ; VHDL_1993          ;
; State Machine Processing                                                   ; Auto               ; Auto               ;
; Safe State Machine                                                         ; Off                ; Off                ;
; Extract Verilog State Machines                                             ; On                 ; On                 ;
; Extract VHDL State Machines                                                ; On                 ; On                 ;
; Ignore Verilog initial constructs                                          ; Off                ; Off                ;
; Iteration limit for constant Verilog loops                                 ; 5000               ; 5000               ;
; Iteration limit for non-constant Verilog loops                             ; 250                ; 250                ;
; Add Pass-Through Logic to Inferred RAMs                                    ; On                 ; On                 ;
; Parallel Synthesis                                                         ; On                 ; On                 ;
; NOT Gate Push-Back                                                         ; On                 ; On                 ;
; Power-Up Don't Care                                                        ; On                 ; On                 ;
; Remove Redundant Logic Cells                                               ; Off                ; Off                ;
; Remove Duplicate Registers                                                 ; On                 ; On                 ;
; Ignore CARRY Buffers                                                       ; Off                ; Off                ;
; Ignore CASCADE Buffers                                                     ; Off                ; Off                ;
; Ignore GLOBAL Buffers                                                      ; Off                ; Off                ;
; Ignore ROW GLOBAL Buffers                                                  ; Off                ; Off                ;
; Ignore LCELL Buffers                                                       ; Off                ; Off                ;
; Ignore SOFT Buffers                                                        ; On                 ; On                 ;
; Limit AHDL Integers to 32 Bits                                             ; Off                ; Off                ;
; Optimization Technique                                                     ; Balanced           ; Balanced           ;
; Carry Chain Length                                                         ; 70                 ; 70                 ;
; Auto Carry Chains                                                          ; On                 ; On                 ;
; Auto Open-Drain Pins                                                       ; On                 ; On                 ;
; Perform WYSIWYG Primitive Resynthesis                                      ; Off                ; Off                ;
; Auto ROM Replacement                                                       ; On                 ; On                 ;
; Auto RAM Replacement                                                       ; On                 ; On                 ;
; Auto Shift Register Replacement                                            ; Auto               ; Auto               ;
; Allow Shift Register Merging across Hierarchies                            ; Auto               ; Auto               ;
; Auto Clock Enable Replacement                                              ; On                 ; On                 ;
; Strict RAM Replacement                                                     ; Off                ; Off                ;
; Allow Synchronous Control Signals                                          ; On                 ; On                 ;
; Force Use of Synchronous Clear Signals                                     ; Off                ; Off                ;
; Auto RAM Block Balancing                                                   ; On                 ; On                 ;
; Auto RAM to Logic Cell Conversion                                          ; Off                ; Off                ;
; Auto Resource Sharing                                                      ; Off                ; Off                ;
; Allow Any RAM Size For Recognition                                         ; Off                ; Off                ;
; Allow Any ROM Size For Recognition                                         ; Off                ; Off                ;
; Allow Any Shift Register Size For Recognition                              ; Off                ; Off                ;
; Use LogicLock Constraints during Resource Balancing                        ; On                 ; On                 ;
; Ignore translate_off and synthesis_off directives                          ; Off                ; Off                ;
; Report Parameter Settings                                                  ; On                 ; On                 ;
; Report Source Assignments                                                  ; On                 ; On                 ;
; Report Connectivity Checks                                                 ; On                 ; On                 ;
; Ignore Maximum Fan-Out Assignments                                         ; Off                ; Off                ;
; Synchronization Register Chain Length                                      ; 2                  ; 2                  ;
; PowerPlay Power Optimization                                               ; Normal compilation ; Normal compilation ;
; HDL message level                                                          ; Level2             ; Level2             ;
; Suppress Register Optimization Related Messages                            ; Off                ; Off                ;
; Number of Removed Registers Reported in Synthesis Report                   ; 5000               ; 5000               ;
; Number of Inverted Registers Reported in Synthesis Report                  ; 100                ; 100                ;
; Clock MUX Protection                                                       ; On                 ; On                 ;
; Block Design Naming                                                        ; Auto               ; Auto               ;
; Synthesis Effort                                                           ; Auto               ; Auto               ;
; Shift Register Replacement - Allow Asynchronous Clear Signal               ; On                 ; On                 ;
; Analysis & Synthesis Message Level                                         ; Medium             ; Medium             ;
; Disable Register Merging Across Hierarchies                                ; Auto               ; Auto               ;
; Resource Aware Inference For Block RAM                                     ; On                 ; On                 ;
; Synthesis Seed                                                             ; 1                  ; 1                  ;
+----------------------------------------------------------------------------+--------------------+--------------------+


Parallel compilation was disabled, but you have multiple processors available. Enable parallel compilation to reduce compilation time.
+-------------------------------------+
; Parallel Compilation                ;
+----------------------------+--------+
; Processors                 ; Number ;
+----------------------------+--------+
; Number detected on machine ; 4      ;
; Maximum allowed            ; 1      ;
+----------------------------+--------+


+-------------------------------------------------------------------------------------------------------------------------------------------------------------+
; Analysis & Synthesis Source Files Read                                                                                                                      ;
+----------------------------------+-----------------+------------------------------------+-------------------------------------------------------------------+
; File Name with User-Entered Path ; Used in Netlist ; File Type                          ; File Name with Absolute Path                                      ;
+----------------------------------+-----------------+------------------------------------+-------------------------------------------------------------------+
; alu_schematic.bdf                ; yes             ; User Block Diagram/Schematic File  ; D:/altera/projects/alu_scheme/alu_schematic.bdf                   ;
; lpm_add_sub0.vhd                 ; yes             ; User Wizard-Generated File         ; D:/altera/projects/alu_scheme/lpm_add_sub0.vhd                    ;
; lpm_mux0.vhd                     ; yes             ; User Wizard-Generated File         ; D:/altera/projects/alu_scheme/lpm_mux0.vhd                        ;
; lpm_mux1.vhd                     ; yes             ; User Wizard-Generated File         ; D:/altera/projects/alu_scheme/lpm_mux1.vhd                        ;
; lpm_mux.tdf                      ; yes             ; Megafunction                       ; d:/altera/quartus/libraries/megafunctions/lpm_mux.tdf             ;
; aglobal110.inc                   ; yes             ; Megafunction                       ; d:/altera/quartus/libraries/megafunctions/aglobal110.inc          ;
; muxlut.inc                       ; yes             ; Megafunction                       ; d:/altera/quartus/libraries/megafunctions/muxlut.inc              ;
; bypassff.inc                     ; yes             ; Megafunction                       ; d:/altera/quartus/libraries/megafunctions/bypassff.inc            ;
; altshift.inc                     ; yes             ; Megafunction                       ; d:/altera/quartus/libraries/megafunctions/altshift.inc            ;
; db/mux_mrd.tdf                   ; yes             ; Auto-Generated Megafunction        ; D:/altera/projects/alu_scheme/db/mux_mrd.tdf                      ;
; lpm_add_sub.tdf                  ; yes             ; Megafunction                       ; d:/altera/quartus/libraries/megafunctions/lpm_add_sub.tdf         ;
; addcore.inc                      ; yes             ; Megafunction                       ; d:/altera/quartus/libraries/megafunctions/addcore.inc             ;
; look_add.inc                     ; yes             ; Megafunction                       ; d:/altera/quartus/libraries/megafunctions/look_add.inc            ;
; alt_stratix_add_sub.inc          ; yes             ; Megafunction                       ; d:/altera/quartus/libraries/megafunctions/alt_stratix_add_sub.inc ;
; alt_stratix_add_sub.tdf          ; yes             ; Megafunction                       ; d:/altera/quartus/libraries/megafunctions/alt_stratix_add_sub.tdf ;
; stratix_lcell.inc                ; yes             ; Megafunction                       ; d:/altera/quartus/libraries/megafunctions/stratix_lcell.inc       ;
; db/mux_trd.tdf                   ; yes             ; Auto-Generated Megafunction        ; D:/altera/projects/alu_scheme/db/mux_trd.tdf                      ;
+----------------------------------+-----------------+------------------------------------+-------------------------------------------------------------------+


+----------------------------------------------------------+
; Analysis & Synthesis Resource Usage Summary              ;
+---------------------------------------------+------------+
; Resource                                    ; Usage      ;
+---------------------------------------------+------------+
; Total logic elements                        ; 52         ;
;     -- Combinational with no register       ; 52         ;
;     -- Register only                        ; 0          ;
;     -- Combinational with a register        ; 0          ;
;                                             ;            ;
; Logic element usage by number of LUT inputs ;            ;
;     -- 4 input functions                    ; 25         ;
;     -- 3 input functions                    ; 21         ;
;     -- 2 input functions                    ; 5          ;
;     -- 1 input functions                    ; 1          ;
;     -- 0 input functions                    ; 0          ;
;                                             ;            ;
; Logic elements by mode                      ;            ;
;     -- normal mode                          ; 44         ;
;     -- arithmetic mode                      ; 8          ;
;     -- qfbk mode                            ; 0          ;
;     -- register cascade mode                ; 0          ;
;     -- synchronous clear/load mode          ; 0          ;
;     -- asynchronous clear/load mode         ; 0          ;
;                                             ;            ;
; Total registers                             ; 0          ;
; Total logic cells in carry chains           ; 9          ;
; I/O pins                                    ; 28         ;
; Maximum fan-out node                        ; command[0] ;
; Maximum fan-out                             ; 28         ;
; Total fan-out                               ; 192        ;
; Average fan-out                             ; 2.40       ;
+---------------------------------------------+------------+


+-----------------------------------------------------------------------------------------------------------------------------------------------------------------------------------------------------------------------------------------------------------------------------------------------------------------------------+
; Analysis & Synthesis Resource Utilization by Entity                                                                                                                                                                                                                                                                         ;
+----------------------------------------------+-------------+--------------+-------------+------+--------------+--------------+-------------------+------------------+-----------------+------------+---------------------------------------------------------------------------------------------------------+--------------+
; Compilation Hierarchy Node                   ; Logic Cells ; LC Registers ; Memory Bits ; Pins ; Virtual Pins ; LUT-Only LCs ; Register-Only LCs ; LUT/Register LCs ; Carry Chain LCs ; Packed LCs ; Full Hierarchy Name                                                                                     ; Library Name ;
+----------------------------------------------+-------------+--------------+-------------+------+--------------+--------------+-------------------+------------------+-----------------+------------+---------------------------------------------------------------------------------------------------------+--------------+
; |alu_schematic                               ; 52 (0)      ; 0            ; 0           ; 28   ; 0            ; 52 (0)       ; 0 (0)             ; 0 (0)            ; 9 (0)           ; 0 (0)      ; |alu_schematic                                                                                          ;              ;
;    |lpm_add_sub0:add_sub|                    ; 9 (0)       ; 0            ; 0           ; 0    ; 0            ; 9 (0)        ; 0 (0)             ; 0 (0)            ; 9 (0)           ; 0 (0)      ; |alu_schematic|lpm_add_sub0:add_sub                                                                     ;              ;
;       |lpm_add_sub:LPM_ADD_SUB_component|    ; 9 (0)       ; 0            ; 0           ; 0    ; 0            ; 9 (0)        ; 0 (0)             ; 0 (0)            ; 9 (0)           ; 0 (0)      ; |alu_schematic|lpm_add_sub0:add_sub|lpm_add_sub:LPM_ADD_SUB_component                                   ;              ;
;          |alt_stratix_add_sub:stratix_adder| ; 9 (9)       ; 0            ; 0           ; 0    ; 0            ; 9 (9)        ; 0 (0)             ; 0 (0)            ; 9 (9)           ; 0 (0)      ; |alu_schematic|lpm_add_sub0:add_sub|lpm_add_sub:LPM_ADD_SUB_component|alt_stratix_add_sub:stratix_adder ;              ;
;    |lpm_mux0:result_mux|                     ; 41 (0)      ; 0            ; 0           ; 0    ; 0            ; 41 (0)       ; 0 (0)             ; 0 (0)            ; 0 (0)           ; 0 (0)      ; |alu_schematic|lpm_mux0:result_mux                                                                      ;              ;
;       |lpm_mux:LPM_MUX_component|            ; 41 (0)      ; 0            ; 0           ; 0    ; 0            ; 41 (0)       ; 0 (0)             ; 0 (0)            ; 0 (0)           ; 0 (0)      ; |alu_schematic|lpm_mux0:result_mux|lpm_mux:LPM_MUX_component                                            ;              ;
;          |mux_trd:auto_generated|            ; 41 (41)     ; 0            ; 0           ; 0    ; 0            ; 41 (41)      ; 0 (0)             ; 0 (0)            ; 0 (0)           ; 0 (0)      ; |alu_schematic|lpm_mux0:result_mux|lpm_mux:LPM_MUX_component|mux_trd:auto_generated                     ;              ;
;    |lpm_mux1:carry_mux|                      ; 2 (0)       ; 0            ; 0           ; 0    ; 0            ; 2 (0)        ; 0 (0)             ; 0 (0)            ; 0 (0)           ; 0 (0)      ; |alu_schematic|lpm_mux1:carry_mux                                                                       ;              ;
;       |lpm_mux:LPM_MUX_component|            ; 2 (0)       ; 0            ; 0           ; 0    ; 0            ; 2 (0)        ; 0 (0)             ; 0 (0)            ; 0 (0)           ; 0 (0)      ; |alu_schematic|lpm_mux1:carry_mux|lpm_mux:LPM_MUX_component                                             ;              ;
;          |mux_mrd:auto_generated|            ; 2 (2)       ; 0            ; 0           ; 0    ; 0            ; 2 (2)        ; 0 (0)             ; 0 (0)            ; 0 (0)           ; 0 (0)      ; |alu_schematic|lpm_mux1:carry_mux|lpm_mux:LPM_MUX_component|mux_mrd:auto_generated                      ;              ;
+----------------------------------------------+-------------+--------------+-------------+------+--------------+--------------+-------------------+------------------+-----------------+------------+---------------------------------------------------------------------------------------------------------+--------------+
Note: For table entries with two numbers listed, the numbers in parentheses indicate the number of resources of the given type used by the specific entity alone. The numbers listed outside of parentheses indicate the total resources of the given type used by the specific entity and all of its sub-entities in the hierarchy.


+------------------------------------------------------------------------------------------------------------------------------------------------------+
; Analysis & Synthesis IP Cores Summary                                                                                                                ;
+--------+--------------+---------+--------------+--------------+-------------------------------------+------------------------------------------------+
; Vendor ; IP Core Name ; Version ; Release Date ; License Type ; Entity Instance                     ; IP Include File                                ;
+--------+--------------+---------+--------------+--------------+-------------------------------------+------------------------------------------------+
; Altera ; LPM_ADD_SUB  ; 11.0    ; N/A          ; N/A          ; |alu_schematic|lpm_add_sub0:add_sub ; D:/altera/projects/alu_scheme/lpm_add_sub0.vhd ;
; Altera ; LPM_MUX      ; 11.0    ; N/A          ; N/A          ; |alu_schematic|lpm_mux1:carry_mux   ; D:/altera/projects/alu_scheme/lpm_mux1.vhd     ;
+--------+--------------+---------+--------------+--------------+-------------------------------------+------------------------------------------------+


+------------------------------------------------------+
; General Register Statistics                          ;
+----------------------------------------------+-------+
; Statistic                                    ; Value ;
+----------------------------------------------+-------+
; Total registers                              ; 0     ;
; Number of registers using Synchronous Clear  ; 0     ;
; Number of registers using Synchronous Load   ; 0     ;
; Number of registers using Asynchronous Clear ; 0     ;
; Number of registers using Asynchronous Load  ; 0     ;
; Number of registers using Clock Enable       ; 0     ;
; Number of registers using Preset             ; 0     ;
+----------------------------------------------+-------+


+-------------------------------------------------------------------------------------------+
; Parameter Settings for User Entity Instance: lpm_mux1:carry_mux|LPM_MUX:LPM_MUX_component ;
+------------------------+---------+--------------------------------------------------------+
; Parameter Name         ; Value   ; Type                                                   ;
+------------------------+---------+--------------------------------------------------------+
; AUTO_CARRY_CHAINS      ; ON      ; AUTO_CARRY                                             ;
; IGNORE_CARRY_BUFFERS   ; OFF     ; IGNORE_CARRY                                           ;
; AUTO_CASCADE_CHAINS    ; ON      ; AUTO_CASCADE                                           ;
; IGNORE_CASCADE_BUFFERS ; OFF     ; IGNORE_CASCADE                                         ;
; LPM_WIDTH              ; 1       ; Signed Integer                                         ;
; LPM_SIZE               ; 8       ; Signed Integer                                         ;
; LPM_WIDTHS             ; 3       ; Signed Integer                                         ;
; LPM_PIPELINE           ; 0       ; Signed Integer                                         ;
; CBXI_PARAMETER         ; mux_mrd ; Untyped                                                ;
; DEVICE_FAMILY          ; Cyclone ; Untyped                                                ;
+------------------------+---------+--------------------------------------------------------+
Note: In order to hide this table in the UI and the text report file, please set the "Show Parameter Settings in Synthesis Report" option in "Analysis and Synthesis Settings -> More Settings" to "Off".


+-----------------------------------------------------------------------------------------------------+
; Parameter Settings for User Entity Instance: lpm_add_sub0:add_sub|lpm_add_sub:LPM_ADD_SUB_component ;
+------------------------+-------------+--------------------------------------------------------------+
; Parameter Name         ; Value       ; Type                                                         ;
+------------------------+-------------+--------------------------------------------------------------+
; LPM_WIDTH              ; 8           ; Signed Integer                                               ;
; LPM_REPRESENTATION     ; UNSIGNED    ; Untyped                                                      ;
; LPM_DIRECTION          ; DEFAULT     ; Untyped                                                      ;
; ONE_INPUT_IS_CONSTANT  ; NO          ; Untyped                                                      ;
; LPM_PIPELINE           ; 0           ; Untyped                                                      ;
; MAXIMIZE_SPEED         ; 5           ; Untyped                                                      ;
; REGISTERED_AT_END      ; 0           ; Untyped                                                      ;
; OPTIMIZE_FOR_SPEED     ; 5           ; Untyped                                                      ;
; USE_CS_BUFFERS         ; 1           ; Untyped                                                      ;
; CARRY_CHAIN            ; MANUAL      ; Untyped                                                      ;
; CARRY_CHAIN_LENGTH     ; 48          ; CARRY_CHAIN_LENGTH                                           ;
; DEVICE_FAMILY          ; Cyclone     ; Untyped                                                      ;
; USE_WYS                ; OFF         ; Untyped                                                      ;
; STYLE                  ; FAST        ; Untyped                                                      ;
; CBXI_PARAMETER         ; add_sub_kpg ; Untyped                                                      ;
; AUTO_CARRY_CHAINS      ; ON          ; AUTO_CARRY                                                   ;
; IGNORE_CARRY_BUFFERS   ; OFF         ; IGNORE_CARRY                                                 ;
; AUTO_CASCADE_CHAINS    ; ON          ; AUTO_CASCADE                                                 ;
; IGNORE_CASCADE_BUFFERS ; OFF         ; IGNORE_CASCADE                                               ;
+------------------------+-------------+--------------------------------------------------------------+
Note: In order to hide this table in the UI and the text report file, please set the "Show Parameter Settings in Synthesis Report" option in "Analysis and Synthesis Settings -> More Settings" to "Off".


+--------------------------------------------------------------------------------------------+
; Parameter Settings for User Entity Instance: lpm_mux0:result_mux|LPM_MUX:LPM_MUX_component ;
+------------------------+---------+---------------------------------------------------------+
; Parameter Name         ; Value   ; Type                                                    ;
+------------------------+---------+---------------------------------------------------------+
; AUTO_CARRY_CHAINS      ; ON      ; AUTO_CARRY                                              ;
; IGNORE_CARRY_BUFFERS   ; OFF     ; IGNORE_CARRY                                            ;
; AUTO_CASCADE_CHAINS    ; ON      ; AUTO_CASCADE                                            ;
; IGNORE_CASCADE_BUFFERS ; OFF     ; IGNORE_CASCADE                                          ;
; LPM_WIDTH              ; 8       ; Signed Integer                                          ;
; LPM_SIZE               ; 8       ; Signed Integer                                          ;
; LPM_WIDTHS             ; 3       ; Signed Integer                                          ;
; LPM_PIPELINE           ; 0       ; Signed Integer                                          ;
; CBXI_PARAMETER         ; mux_trd ; Untyped                                                 ;
; DEVICE_FAMILY          ; Cyclone ; Untyped                                                 ;
+------------------------+---------+---------------------------------------------------------+
Note: In order to hide this table in the UI and the text report file, please set the "Show Parameter Settings in Synthesis Report" option in "Analysis and Synthesis Settings -> More Settings" to "Off".


+-------------------------------+
; Elapsed Time Per Partition    ;
+----------------+--------------+
; Partition Name ; Elapsed Time ;
+----------------+--------------+
; Top            ; 00:00:00     ;
+----------------+--------------+


+-------------------------------+
; Analysis & Synthesis Messages ;
+-------------------------------+
Info: *******************************************************************
Info: Running Quartus II Analysis & Synthesis
    Info: Version 11.0 Build 208 07/03/2011 Service Pack 1 SJ Web Edition
    Info: Processing started: Sat Dec 26 12:44:22 2020
Info: Command: quartus_map --read_settings_files=on --write_settings_files=off alu_schematic -c alu_schematic
Warning: Parallel compilation is not licensed and has been disabled
Info: Found 1 design units, including 1 entities, in source file alu_schematic.bdf
    Info: Found entity 1: alu_schematic
Info: Found 2 design units, including 1 entities, in source file lpm_add_sub0.vhd
    Info: Found design unit 1: lpm_add_sub0-SYN
    Info: Found entity 1: lpm_add_sub0
Info: Found 2 design units, including 1 entities, in source file lpm_divide0.vhd
    Info: Found design unit 1: lpm_divide0-SYN
    Info: Found entity 1: lpm_divide0
Info: Found 2 design units, including 1 entities, in source file lpm_mult0.vhd
    Info: Found design unit 1: lpm_mult0-SYN
    Info: Found entity 1: lpm_mult0
Info: Found 2 design units, including 1 entities, in source file lpm_mux0.vhd
    Info: Found design unit 1: lpm_mux0-SYN
    Info: Found entity 1: lpm_mux0
Info: Found 2 design units, including 1 entities, in source file lpm_mux1.vhd
    Info: Found design unit 1: lpm_mux1-SYN
    Info: Found entity 1: lpm_mux1
Info: Found 4 design units, including 2 entities, in source file altfp_mult0.vhd
    Info: Found design unit 1: altfp_mult0_altfp_mult_qdo-RTL
    Info: Found design unit 2: altfp_mult0-RTL
    Info: Found entity 1: altfp_mult0_altfp_mult_qdo
    Info: Found entity 2: altfp_mult0
Info: Elaborating entity "alu_schematic" for the top level hierarchy
Info: Elaborating entity "lpm_mux1" for hierarchy "lpm_mux1:carry_mux"
Info: Elaborating entity "LPM_MUX" for hierarchy "lpm_mux1:carry_mux|LPM_MUX:LPM_MUX_component"
Info: Elaborated megafunction instantiation "lpm_mux1:carry_mux|LPM_MUX:LPM_MUX_component"
Info: Instantiated megafunction "lpm_mux1:carry_mux|LPM_MUX:LPM_MUX_component" with the following parameter:
    Info: Parameter "LPM_WIDTH" = "1"
    Info: Parameter "LPM_SIZE" = "8"
    Info: Parameter "LPM_WIDTHS" = "3"
    Info: Parameter "LPM_PIPELINE" = "0"
    Info: Parameter "LPM_TYPE" = "LPM_MUX"
    Info: Parameter "LPM_HINT" = "UNUSED"
Info: Found 1 design units, including 1 entities, in source file db/mux_mrd.tdf
    Info: Found entity 1: mux_mrd
Info: Elaborating entity "mux_mrd" for hierarchy "lpm_mux1:carry_mux|LPM_MUX:LPM_MUX_component|mux_mrd:auto_generated"
Info: Elaborating entity "lpm_add_sub0" for hierarchy "lpm_add_sub0:add_sub"
Info: Elaborating entity "lpm_add_sub" for hierarchy "lpm_add_sub0:add_sub|lpm_add_sub:LPM_ADD_SUB_component"
Info: Elaborated megafunction instantiation "lpm_add_sub0:add_sub|lpm_add_sub:LPM_ADD_SUB_component"
Info: Instantiated megafunction "lpm_add_sub0:add_sub|lpm_add_sub:LPM_ADD_SUB_component" with the following parameter:
    Info: Parameter "lpm_direction" = "UNUSED"
    Info: Parameter "lpm_hint" = "ONE_INPUT_IS_CONSTANT=NO,CIN_USED=NO"
    Info: Parameter "lpm_representation" = "UNSIGNED"
    Info: Parameter "lpm_type" = "LPM_ADD_SUB"
    Info: Parameter "lpm_width" = "8"
Info: Elaborating entity "alt_stratix_add_sub" for hierarchy "lpm_add_sub0:add_sub|lpm_add_sub:LPM_ADD_SUB_component|alt_stratix_add_sub:stratix_adder"
Info: Elaborated megafunction instantiation "lpm_add_sub0:add_sub|lpm_add_sub:LPM_ADD_SUB_component|alt_stratix_add_sub:stratix_adder", which is child of megafunction instantiation "lpm_add_sub0:add_sub|lpm_add_sub:LPM_ADD_SUB_component"
Info: Elaborating entity "lpm_mux0" for hierarchy "lpm_mux0:result_mux"
Info: Elaborating entity "LPM_MUX" for hierarchy "lpm_mux0:result_mux|LPM_MUX:LPM_MUX_component"
Info: Elaborated megafunction instantiation "lpm_mux0:result_mux|LPM_MUX:LPM_MUX_component"
Info: Instantiated megafunction "lpm_mux0:result_mux|LPM_MUX:LPM_MUX_component" with the following parameter:
    Info: Parameter "LPM_WIDTH" = "8"
    Info: Parameter "LPM_SIZE" = "8"
    Info: Parameter "LPM_WIDTHS" = "3"
    Info: Parameter "LPM_PIPELINE" = "0"
    Info: Parameter "LPM_TYPE" = "LPM_MUX"
    Info: Parameter "LPM_HINT" = "UNUSED"
Info: Found 1 design units, including 1 entities, in source file db/mux_trd.tdf
    Info: Found entity 1: mux_trd
Info: Elaborating entity "mux_trd" for hierarchy "lpm_mux0:result_mux|LPM_MUX:LPM_MUX_component|mux_trd:auto_generated"
Info: Ignored 1 buffer(s)
    Info: Ignored 1 SOFT buffer(s)
Info: Generating hard_block partition "hard_block:auto_generated_inst"
Info: Implemented 80 device resources after synthesis - the final resource count might be different
    Info: Implemented 19 input pins
    Info: Implemented 9 output pins
    Info: Implemented 52 logic cells
Info: Quartus II Analysis & Synthesis was successful. 0 errors, 1 warning
    Info: Peak virtual memory: 290 megabytes
    Info: Processing ended: Sat Dec 26 12:44:25 2020
    Info: Elapsed time: 00:00:03
    Info: Total CPU time (on all processors): 00:00:02


