Flow report for alu_schematic
Sat Dec 26 12:44:35 2020
Quartus II Version 11.0 Build 208 07/03/2011 Service Pack 1 SJ Web Edition


---------------------
; Table of Contents ;
---------------------
  1. Legal Notice
  2. Flow Summary
  3. Flow Settings
  4. Flow Non-Default Global Settings
  5. Flow Elapsed Time
  6. Flow OS Summary
  7. Flow Log



----------------
; Legal Notice ;
----------------
Copyright (C) 1991-2011 Altera Corporation
Your use of Altera Corporation's design tools, logic functions 
and other software and tools, and its AMPP partner logic 
functions, and any output files from any of the foregoing 
(including device programming or simulation files), and any 
associated documentation or information are expressly subject 
to the terms and conditions of the Altera Program License 
Subscription Agreement, Altera MegaCore Function License 
Agreement, or other applicable license agreement, including, 
without limitation, that your use is for the sole purpose of 
programming logic devices manufactured by Altera and sold by 
Altera or its authorized distributors.  Please refer to the 
applicable agreement for further details.



+-----------------------------------------------------------------------+
; Flow Summary                                                          ;
+-----------------------+-----------------------------------------------+
; Flow Status           ; Successful - Sat Dec 26 12:44:35 2020         ;
; Quartus II Version    ; 11.0 Build 208 07/03/2011 SP 1 SJ Web Edition ;
; Revision Name         ; alu_schematic                                 ;
; Top-level Entity Name ; alu_schematic                                 ;
; Family                ; Cyclone                                       ;
; Device                ; EP1C3T144C8                                   ;
; Timing Models         ; Final                                         ;
; Total logic elements  ; 52 / 2,910 ( 2 % )                            ;
; Total pins            ; 28 / 104 ( 27 % )                             ;
; Total virtual pins    ; 0                                             ;
; Total memory bits     ; 0 / 59,904 ( 0 % )                            ;
; Total PLLs            ; 0 / 1 ( 0 % )                                 ;
+-----------------------+-----------------------------------------------+


+-----------------------------------------+
; Flow Settings                           ;
+-------------------+---------------------+
; Option            ; Setting             ;
+-------------------+---------------------+
; Start date & time ; 12/26/2020 12:44:23 ;
; Main task         ; Compilation         ;
; Revision Name     ; alu_schematic       ;
+-------------------+---------------------+


+--------------------------------------------------------------------------------------------------------------------+
; Flow Non-Default Global Settings                                                                                   ;
+-------------------------------------+-------------------------------+---------------+-------------+----------------+
; Assignment Name                     ; Value                         ; Default Value ; Entity Name ; Section Id     ;
+-------------------------------------+-------------------------------+---------------+-------------+----------------+
; COMPILER_SIGNATURE_ID               ; 1095714970063.160895066303020 ; --            ; --          ; --             ;
; EDA_OUTPUT_DATA_FORMAT              ; Vhdl                          ; --            ; --          ; eda_simulation ;
; EDA_SIMULATION_TOOL                 ; ModelSim (VHDL)               ; <None>        ; --          ; --             ;
; EDA_TIME_SCALE                      ; 1 ps                          ; --            ; --          ; eda_simulation ;
; IP_TOOL_NAME                        ; LPM_ADD_SUB                   ; --            ; --          ; --             ;
; IP_TOOL_NAME                        ; LPM_DIVIDE                    ; --            ; --          ; --             ;
; IP_TOOL_NAME                        ; LPM_MULT                      ; --            ; --          ; --             ;
; IP_TOOL_NAME                        ; LPM_MUX                       ; --            ; --          ; --             ;
; IP_TOOL_NAME                        ; LPM_MUX                       ; --            ; --          ; --             ;
; IP_TOOL_NAME                        ; ALTFP_MULT                    ; --            ; --          ; --             ;
; IP_TOOL_VERSION                     ; 11.0                          ; --            ; --          ; --             ;
; IP_TOOL_VERSION                     ; 11.0                          ; --            ; --          ; --             ;
; IP_TOOL_VERSION                     ; 11.0                          ; --            ; --          ; --             ;
; IP_TOOL_VERSION                     ; 11.0                          ; --            ; --          ; --             ;
; IP_TOOL_VERSION                     ; 11.0                          ; --            ; --          ; --             ;
; IP_TOOL_VERSION                     ; 11.0                          ; --            ; --          ; --             ;
; MISC_FILE                           ; lpm_add_sub0.bsf              ; --            ; --          ; --             ;
; MISC_FILE                           ; lpm_add_sub0_inst.vhd         ; --            ; --          ; --             ;
; MISC_FILE                           ; lpm_add_sub0.cmp              ; --            ; --          ; --             ;
; MISC_FILE                           ; lpm_divide0.bsf               ; --            ; --          ; --             ;
; MISC_FILE                           ; lpm_divide0_inst.vhd          ; --            ; --          ; --             ;
; MISC_FILE                           ; lpm_divide0.cmp               ; --            ; --          ; --             ;
; MISC_FILE                           ; lpm_mult0.bsf                 ; --            ; --          ; --             ;
; MISC_FILE                           ; lpm_mult0_inst.vhd            ; --            ; --          ; --             ;
; MISC_FILE                           ; lpm_mult0.cmp                 ; --            ; --          ; --             ;
; MISC_FILE                           ; lpm_mux0.bsf                  ; --            ; --          ; --             ;
; MISC_FILE                           ; lpm_mux0_inst.vhd             ; --            ; --          ; --             ;
; MISC_FILE                           ; lpm_mux0.cmp                  ; --            ; --          ; --             ;
; MISC_FILE                           ; lpm_mux1.bsf                  ; --            ; --          ; --             ;
; MISC_FILE                           ; lpm_mux1_inst.vhd             ; --            ; --          ; --             ;
; MISC_FILE                           ; lpm_mux1.cmp                  ; --            ; --          ; --             ;
; MISC_FILE                           ; altfp_mult0.bsf               ; --            ; --          ; --             ;
; MISC_FILE                           ; altfp_mult0_inst.vhd          ; --            ; --          ; --             ;
; MISC_FILE                           ; altfp_mult0.inc               ; --            ; --          ; --             ;
; MISC_FILE                           ; altfp_mult0.cmp               ; --            ; --          ; --             ;
; PARTITION_COLOR                     ; 16764057                      ; --            ; --          ; Top            ;
; PARTITION_FITTER_PRESERVATION_LEVEL ; PLACEMENT_AND_ROUTING         ; --            ; --          ; Top            ;
; PARTITION_NETLIST_TYPE              ; SOURCE                        ; --            ; --          ; Top            ;
+-------------------------------------+-------------------------------+---------------+-------------+----------------+


+-------------------------------------------------------------------------------------------------------------------------------+
; Flow Elapsed Time                                                                                                             ;
+---------------------------+--------------+-------------------------+---------------------+------------------------------------+
; Module Name               ; Elapsed Time ; Average Processors Used ; Peak Virtual Memory ; Total CPU Time (on all processors) ;
+---------------------------+--------------+-------------------------+---------------------+------------------------------------+
; Analysis & Synthesis      ; 00:00:03     ; 1.0                     ; 290 MB              ; 00:00:02                           ;
; Fitter                    ; 00:00:02     ; 1.0                     ; 288 MB              ; 00:00:01                           ;
; Assembler                 ; 00:00:02     ; 1.0                     ; 233 MB              ; 00:00:02                           ;
; TimeQuest Timing Analyzer ; 00:00:04     ; 1.0                     ; 223 MB              ; 00:00:01                           ;
; EDA Netlist Writer        ; 00:00:01     ; 1.0                     ; 213 MB              ; 00:00:00                           ;
; Total                     ; 00:00:12     ; --                      ; --                  ; 00:00:06                           ;
+---------------------------+--------------+-------------------------+---------------------+------------------------------------+


+----------------------------------------------------------------------------------------+
; Flow OS Summary                                                                        ;
+---------------------------+------------------+-----------+------------+----------------+
; Module Name               ; Machine Hostname ; OS Name   ; OS Version ; Processor type ;
+---------------------------+------------------+-----------+------------+----------------+
; Analysis & Synthesis      ; Veronica-PC      ; Windows 7 ; 6.1        ; x86_64         ;
; Fitter                    ; Veronica-PC      ; Windows 7 ; 6.1        ; x86_64         ;
; Assembler                 ; Veronica-PC      ; Windows 7 ; 6.1        ; x86_64         ;
; TimeQuest Timing Analyzer ; Veronica-PC      ; Windows 7 ; 6.1        ; x86_64         ;
; EDA Netlist Writer        ; Veronica-PC      ; Windows 7 ; 6.1        ; x86_64         ;
+---------------------------+------------------+-----------+------------+----------------+


------------
; Flow Log ;
------------
quartus_map --read_settings_files=on --write_settings_files=off alu_schematic -c alu_schematic
quartus_fit --read_settings_files=off --write_settings_files=off alu_schematic -c alu_schematic
quartus_asm --read_settings_files=off --write_settings_files=off alu_schematic -c alu_schematic
quartus_sta alu_schematic -c alu_schematic
quartus_eda --read_settings_files=off --write_settings_files=off alu_schematic -c alu_schematic



