TimeQuest Timing Analyzer report for lab2_1
Wed Sep 09 23:06:37 2020
Quartus II Version 11.0 Build 208 07/03/2011 Service Pack 1 SJ Web Edition


---------------------
; Table of Contents ;
---------------------
  1. Legal Notice
  2. TimeQuest Timing Analyzer Summary
  3. Parallel Compilation
  4. Clocks
  5. Fmax Summary
  6. Setup Summary
  7. Hold Summary
  8. Recovery Summary
  9. Removal Summary
 10. Minimum Pulse Width Summary
 11. Setup: 'pin_name3'
 12. Hold: 'pin_name3'
 13. Minimum Pulse Width: 'pin_name3'
 14. Clock to Output Times
 15. Minimum Clock to Output Times
 16. Setup Transfers
 17. Hold Transfers
 18. Report TCCS
 19. Report RSKM
 20. Unconstrained Paths
 21. TimeQuest Timing Analyzer Messages



----------------
; Legal Notice ;
----------------
Copyright (C) 1991-2011 Altera Corporation
Your use of Altera Corporation's design tools, logic functions 
and other software and tools, and its AMPP partner logic 
functions, and any output files from any of the foregoing 
(including device programming or simulation files), and any 
associated documentation or information are expressly subject 
to the terms and conditions of the Altera Program License 
Subscription Agreement, Altera MegaCore Function License 
Agreement, or other applicable license agreement, including, 
without limitation, that your use is for the sole purpose of 
programming logic devices manufactured by Altera and sold by 
Altera or its authorized distributors.  Please refer to the 
applicable agreement for further details.



+--------------------------------------------------------------------------------------+
; TimeQuest Timing Analyzer Summary                                                    ;
+--------------------+-----------------------------------------------------------------+
; Quartus II Version ; Version 11.0 Build 208 07/03/2011 Service Pack 1 SJ Web Edition ;
; Revision Name      ; lab2_1                                                          ;
; Device Family      ; Cyclone                                                         ;
; Device Name        ; EP1C3T144C8                                                     ;
; Timing Models      ; Final                                                           ;
; Delay Model        ; Slow Model                                                      ;
; Rise/Fall Delays   ; Unavailable                                                     ;
+--------------------+-----------------------------------------------------------------+


Parallel compilation was disabled, but you have multiple processors available. Enable parallel compilation to reduce compilation time.
+-------------------------------------+
; Parallel Compilation                ;
+----------------------------+--------+
; Processors                 ; Number ;
+----------------------------+--------+
; Number detected on machine ; 4      ;
; Maximum allowed            ; 1      ;
+----------------------------+--------+


+---------------------------------------------------------------------------------------------------------------------------------------------------------------------------------------+
; Clocks                                                                                                                                                                                ;
+------------+------+--------+------------+-------+-------+------------+-----------+-------------+-------+--------+-----------+------------+----------+--------+--------+---------------+
; Clock Name ; Type ; Period ; Frequency  ; Rise  ; Fall  ; Duty Cycle ; Divide by ; Multiply by ; Phase ; Offset ; Edge List ; Edge Shift ; Inverted ; Master ; Source ; Targets       ;
+------------+------+--------+------------+-------+-------+------------+-----------+-------------+-------+--------+-----------+------------+----------+--------+--------+---------------+
; pin_name3  ; Base ; 1.000  ; 1000.0 MHz ; 0.000 ; 0.500 ;            ;           ;             ;       ;        ;           ;            ;          ;        ;        ; { pin_name3 } ;
+------------+------+--------+------------+-------+-------+------------+-----------+-------------+-------+--------+-----------+------------+----------+--------+--------+---------------+


+---------------------------------------------------------------------------------------------------+
; Fmax Summary                                                                                      ;
+------------+-----------------+------------+-------------------------------------------------------+
; Fmax       ; Restricted Fmax ; Clock Name ; Note                                                  ;
+------------+-----------------+------------+-------------------------------------------------------+
; 363.37 MHz ; 275.03 MHz      ; pin_name3  ; limit due to high minimum pulse width violation (tch) ;
+------------+-----------------+------------+-------------------------------------------------------+
This panel reports FMAX for every clock in the design, regardless of the user-specified clock periods.  FMAX is only computed for paths where the source and destination registers or ports are driven by the same clock.  Paths of different clocks, including generated clocks, are ignored.  For paths between a clock and its inversion, FMAX is computed as if the rising and falling edges are scaled along with FMAX, such that the duty cycle (in terms of a percentage) is maintained. Altera recommends that you always use clock constraints and other slack reports for sign-off analysis.


+------------------------------------+
; Setup Summary                      ;
+-----------+--------+---------------+
; Clock     ; Slack  ; End Point TNS ;
+-----------+--------+---------------+
; pin_name3 ; -1.752 ; -15.145       ;
+-----------+--------+---------------+


+-----------------------------------+
; Hold Summary                      ;
+-----------+-------+---------------+
; Clock     ; Slack ; End Point TNS ;
+-----------+-------+---------------+
; pin_name3 ; 1.045 ; 0.000         ;
+-----------+-------+---------------+


--------------------
; Recovery Summary ;
--------------------
No paths to report.


-------------------
; Removal Summary ;
-------------------
No paths to report.


+------------------------------------+
; Minimum Pulse Width Summary        ;
+-----------+--------+---------------+
; Clock     ; Slack  ; End Point TNS ;
+-----------+--------+---------------+
; pin_name3 ; -1.583 ; -30.579       ;
+-----------+--------+---------------+


+--------------------------------------------------------------------------------------------------------------------------------------------------------------------------------------------------------------------------------------------------------------------+
; Setup: 'pin_name3'                                                                                                                                                                                                                                                 ;
+--------+------------------------------------------------------------------------------------------+------------------------------------------------------------------------------------------+--------------+-------------+--------------+------------+------------+
; Slack  ; From Node                                                                                ; To Node                                                                                  ; Launch Clock ; Latch Clock ; Relationship ; Clock Skew ; Data Delay ;
+--------+------------------------------------------------------------------------------------------+------------------------------------------------------------------------------------------+--------------+-------------+--------------+------------+------------+
; -1.752 ; lpm_counter0:inst11|lpm_counter:LPM_COUNTER_component|cntr_meh:auto_generated|safe_q[1]  ; lpm_counter0:inst11|lpm_counter:LPM_COUNTER_component|cntr_meh:auto_generated|safe_q[10] ; pin_name3    ; pin_name3   ; 1.000        ; 0.000      ; 2.715      ;
; -1.677 ; lpm_counter0:inst11|lpm_counter:LPM_COUNTER_component|cntr_meh:auto_generated|safe_q[2]  ; lpm_counter0:inst11|lpm_counter:LPM_COUNTER_component|cntr_meh:auto_generated|safe_q[10] ; pin_name3    ; pin_name3   ; 1.000        ; 0.000      ; 2.640      ;
; -1.675 ; lpm_counter0:inst11|lpm_counter:LPM_COUNTER_component|cntr_meh:auto_generated|safe_q[1]  ; lpm_counter0:inst11|lpm_counter:LPM_COUNTER_component|cntr_meh:auto_generated|safe_q[9]  ; pin_name3    ; pin_name3   ; 1.000        ; 0.000      ; 2.638      ;
; -1.675 ; lpm_counter0:inst11|lpm_counter:LPM_COUNTER_component|cntr_meh:auto_generated|safe_q[1]  ; lpm_counter0:inst11|lpm_counter:LPM_COUNTER_component|cntr_meh:auto_generated|safe_q[8]  ; pin_name3    ; pin_name3   ; 1.000        ; 0.000      ; 2.638      ;
; -1.675 ; lpm_counter0:inst11|lpm_counter:LPM_COUNTER_component|cntr_meh:auto_generated|safe_q[1]  ; lpm_counter0:inst11|lpm_counter:LPM_COUNTER_component|cntr_meh:auto_generated|safe_q[7]  ; pin_name3    ; pin_name3   ; 1.000        ; 0.000      ; 2.638      ;
; -1.675 ; lpm_counter0:inst11|lpm_counter:LPM_COUNTER_component|cntr_meh:auto_generated|safe_q[1]  ; lpm_counter0:inst11|lpm_counter:LPM_COUNTER_component|cntr_meh:auto_generated|safe_q[6]  ; pin_name3    ; pin_name3   ; 1.000        ; 0.000      ; 2.638      ;
; -1.675 ; lpm_counter0:inst11|lpm_counter:LPM_COUNTER_component|cntr_meh:auto_generated|safe_q[1]  ; lpm_counter0:inst11|lpm_counter:LPM_COUNTER_component|cntr_meh:auto_generated|safe_q[5]  ; pin_name3    ; pin_name3   ; 1.000        ; 0.000      ; 2.638      ;
; -1.662 ; lpm_counter0:inst11|lpm_counter:LPM_COUNTER_component|cntr_meh:auto_generated|safe_q[0]  ; lpm_counter0:inst11|lpm_counter:LPM_COUNTER_component|cntr_meh:auto_generated|safe_q[10] ; pin_name3    ; pin_name3   ; 1.000        ; 0.000      ; 2.625      ;
; -1.603 ; lpm_counter0:inst11|lpm_counter:LPM_COUNTER_component|cntr_meh:auto_generated|safe_q[4]  ; lpm_counter0:inst11|lpm_counter:LPM_COUNTER_component|cntr_meh:auto_generated|safe_q[10] ; pin_name3    ; pin_name3   ; 1.000        ; 0.000      ; 2.566      ;
; -1.600 ; lpm_counter0:inst11|lpm_counter:LPM_COUNTER_component|cntr_meh:auto_generated|safe_q[2]  ; lpm_counter0:inst11|lpm_counter:LPM_COUNTER_component|cntr_meh:auto_generated|safe_q[9]  ; pin_name3    ; pin_name3   ; 1.000        ; 0.000      ; 2.563      ;
; -1.600 ; lpm_counter0:inst11|lpm_counter:LPM_COUNTER_component|cntr_meh:auto_generated|safe_q[2]  ; lpm_counter0:inst11|lpm_counter:LPM_COUNTER_component|cntr_meh:auto_generated|safe_q[8]  ; pin_name3    ; pin_name3   ; 1.000        ; 0.000      ; 2.563      ;
; -1.600 ; lpm_counter0:inst11|lpm_counter:LPM_COUNTER_component|cntr_meh:auto_generated|safe_q[2]  ; lpm_counter0:inst11|lpm_counter:LPM_COUNTER_component|cntr_meh:auto_generated|safe_q[7]  ; pin_name3    ; pin_name3   ; 1.000        ; 0.000      ; 2.563      ;
; -1.600 ; lpm_counter0:inst11|lpm_counter:LPM_COUNTER_component|cntr_meh:auto_generated|safe_q[2]  ; lpm_counter0:inst11|lpm_counter:LPM_COUNTER_component|cntr_meh:auto_generated|safe_q[6]  ; pin_name3    ; pin_name3   ; 1.000        ; 0.000      ; 2.563      ;
; -1.600 ; lpm_counter0:inst11|lpm_counter:LPM_COUNTER_component|cntr_meh:auto_generated|safe_q[2]  ; lpm_counter0:inst11|lpm_counter:LPM_COUNTER_component|cntr_meh:auto_generated|safe_q[5]  ; pin_name3    ; pin_name3   ; 1.000        ; 0.000      ; 2.563      ;
; -1.585 ; lpm_counter0:inst11|lpm_counter:LPM_COUNTER_component|cntr_meh:auto_generated|safe_q[0]  ; lpm_counter0:inst11|lpm_counter:LPM_COUNTER_component|cntr_meh:auto_generated|safe_q[9]  ; pin_name3    ; pin_name3   ; 1.000        ; 0.000      ; 2.548      ;
; -1.585 ; lpm_counter0:inst11|lpm_counter:LPM_COUNTER_component|cntr_meh:auto_generated|safe_q[0]  ; lpm_counter0:inst11|lpm_counter:LPM_COUNTER_component|cntr_meh:auto_generated|safe_q[8]  ; pin_name3    ; pin_name3   ; 1.000        ; 0.000      ; 2.548      ;
; -1.585 ; lpm_counter0:inst11|lpm_counter:LPM_COUNTER_component|cntr_meh:auto_generated|safe_q[0]  ; lpm_counter0:inst11|lpm_counter:LPM_COUNTER_component|cntr_meh:auto_generated|safe_q[7]  ; pin_name3    ; pin_name3   ; 1.000        ; 0.000      ; 2.548      ;
; -1.585 ; lpm_counter0:inst11|lpm_counter:LPM_COUNTER_component|cntr_meh:auto_generated|safe_q[0]  ; lpm_counter0:inst11|lpm_counter:LPM_COUNTER_component|cntr_meh:auto_generated|safe_q[6]  ; pin_name3    ; pin_name3   ; 1.000        ; 0.000      ; 2.548      ;
; -1.585 ; lpm_counter0:inst11|lpm_counter:LPM_COUNTER_component|cntr_meh:auto_generated|safe_q[0]  ; lpm_counter0:inst11|lpm_counter:LPM_COUNTER_component|cntr_meh:auto_generated|safe_q[5]  ; pin_name3    ; pin_name3   ; 1.000        ; 0.000      ; 2.548      ;
; -1.526 ; lpm_counter0:inst11|lpm_counter:LPM_COUNTER_component|cntr_meh:auto_generated|safe_q[4]  ; lpm_counter0:inst11|lpm_counter:LPM_COUNTER_component|cntr_meh:auto_generated|safe_q[9]  ; pin_name3    ; pin_name3   ; 1.000        ; 0.000      ; 2.489      ;
; -1.526 ; lpm_counter0:inst11|lpm_counter:LPM_COUNTER_component|cntr_meh:auto_generated|safe_q[4]  ; lpm_counter0:inst11|lpm_counter:LPM_COUNTER_component|cntr_meh:auto_generated|safe_q[8]  ; pin_name3    ; pin_name3   ; 1.000        ; 0.000      ; 2.489      ;
; -1.526 ; lpm_counter0:inst11|lpm_counter:LPM_COUNTER_component|cntr_meh:auto_generated|safe_q[4]  ; lpm_counter0:inst11|lpm_counter:LPM_COUNTER_component|cntr_meh:auto_generated|safe_q[7]  ; pin_name3    ; pin_name3   ; 1.000        ; 0.000      ; 2.489      ;
; -1.526 ; lpm_counter0:inst11|lpm_counter:LPM_COUNTER_component|cntr_meh:auto_generated|safe_q[4]  ; lpm_counter0:inst11|lpm_counter:LPM_COUNTER_component|cntr_meh:auto_generated|safe_q[6]  ; pin_name3    ; pin_name3   ; 1.000        ; 0.000      ; 2.489      ;
; -1.526 ; lpm_counter0:inst11|lpm_counter:LPM_COUNTER_component|cntr_meh:auto_generated|safe_q[4]  ; lpm_counter0:inst11|lpm_counter:LPM_COUNTER_component|cntr_meh:auto_generated|safe_q[5]  ; pin_name3    ; pin_name3   ; 1.000        ; 0.000      ; 2.489      ;
; -1.521 ; lpm_counter0:inst11|lpm_counter:LPM_COUNTER_component|cntr_meh:auto_generated|safe_q[6]  ; lpm_counter0:inst11|lpm_counter:LPM_COUNTER_component|cntr_meh:auto_generated|safe_q[10] ; pin_name3    ; pin_name3   ; 1.000        ; 0.000      ; 2.484      ;
; -1.445 ; lpm_counter0:inst11|lpm_counter:LPM_COUNTER_component|cntr_meh:auto_generated|safe_q[5]  ; lpm_counter0:inst11|lpm_counter:LPM_COUNTER_component|cntr_meh:auto_generated|safe_q[10] ; pin_name3    ; pin_name3   ; 1.000        ; 0.000      ; 2.408      ;
; -1.442 ; lpm_counter0:inst11|lpm_counter:LPM_COUNTER_component|cntr_meh:auto_generated|safe_q[7]  ; lpm_counter0:inst11|lpm_counter:LPM_COUNTER_component|cntr_meh:auto_generated|safe_q[10] ; pin_name3    ; pin_name3   ; 1.000        ; 0.000      ; 2.405      ;
; -1.429 ; lpm_counter0:inst11|lpm_counter:LPM_COUNTER_component|cntr_meh:auto_generated|safe_q[3]  ; lpm_counter0:inst11|lpm_counter:LPM_COUNTER_component|cntr_meh:auto_generated|safe_q[10] ; pin_name3    ; pin_name3   ; 1.000        ; 0.000      ; 2.392      ;
; -1.352 ; lpm_counter0:inst11|lpm_counter:LPM_COUNTER_component|cntr_meh:auto_generated|safe_q[3]  ; lpm_counter0:inst11|lpm_counter:LPM_COUNTER_component|cntr_meh:auto_generated|safe_q[9]  ; pin_name3    ; pin_name3   ; 1.000        ; 0.000      ; 2.315      ;
; -1.352 ; lpm_counter0:inst11|lpm_counter:LPM_COUNTER_component|cntr_meh:auto_generated|safe_q[3]  ; lpm_counter0:inst11|lpm_counter:LPM_COUNTER_component|cntr_meh:auto_generated|safe_q[8]  ; pin_name3    ; pin_name3   ; 1.000        ; 0.000      ; 2.315      ;
; -1.352 ; lpm_counter0:inst11|lpm_counter:LPM_COUNTER_component|cntr_meh:auto_generated|safe_q[3]  ; lpm_counter0:inst11|lpm_counter:LPM_COUNTER_component|cntr_meh:auto_generated|safe_q[7]  ; pin_name3    ; pin_name3   ; 1.000        ; 0.000      ; 2.315      ;
; -1.352 ; lpm_counter0:inst11|lpm_counter:LPM_COUNTER_component|cntr_meh:auto_generated|safe_q[3]  ; lpm_counter0:inst11|lpm_counter:LPM_COUNTER_component|cntr_meh:auto_generated|safe_q[6]  ; pin_name3    ; pin_name3   ; 1.000        ; 0.000      ; 2.315      ;
; -1.352 ; lpm_counter0:inst11|lpm_counter:LPM_COUNTER_component|cntr_meh:auto_generated|safe_q[3]  ; lpm_counter0:inst11|lpm_counter:LPM_COUNTER_component|cntr_meh:auto_generated|safe_q[5]  ; pin_name3    ; pin_name3   ; 1.000        ; 0.000      ; 2.315      ;
; -1.306 ; lpm_counter0:inst11|lpm_counter:LPM_COUNTER_component|cntr_meh:auto_generated|safe_q[6]  ; lpm_counter0:inst11|lpm_counter:LPM_COUNTER_component|cntr_meh:auto_generated|safe_q[9]  ; pin_name3    ; pin_name3   ; 1.000        ; 0.000      ; 2.269      ;
; -1.306 ; lpm_counter0:inst11|lpm_counter:LPM_COUNTER_component|cntr_meh:auto_generated|safe_q[1]  ; lpm_counter0:inst11|lpm_counter:LPM_COUNTER_component|cntr_meh:auto_generated|safe_q[4]  ; pin_name3    ; pin_name3   ; 1.000        ; 0.000      ; 2.269      ;
; -1.231 ; lpm_counter0:inst11|lpm_counter:LPM_COUNTER_component|cntr_meh:auto_generated|safe_q[2]  ; lpm_counter0:inst11|lpm_counter:LPM_COUNTER_component|cntr_meh:auto_generated|safe_q[4]  ; pin_name3    ; pin_name3   ; 1.000        ; 0.000      ; 2.194      ;
; -1.230 ; lpm_counter0:inst11|lpm_counter:LPM_COUNTER_component|cntr_meh:auto_generated|safe_q[5]  ; lpm_counter0:inst11|lpm_counter:LPM_COUNTER_component|cntr_meh:auto_generated|safe_q[9]  ; pin_name3    ; pin_name3   ; 1.000        ; 0.000      ; 2.193      ;
; -1.226 ; lpm_counter0:inst11|lpm_counter:LPM_COUNTER_component|cntr_meh:auto_generated|safe_q[6]  ; lpm_counter0:inst11|lpm_counter:LPM_COUNTER_component|cntr_meh:auto_generated|safe_q[8]  ; pin_name3    ; pin_name3   ; 1.000        ; 0.000      ; 2.189      ;
; -1.226 ; lpm_counter0:inst11|lpm_counter:LPM_COUNTER_component|cntr_meh:auto_generated|safe_q[1]  ; lpm_counter0:inst11|lpm_counter:LPM_COUNTER_component|cntr_meh:auto_generated|safe_q[3]  ; pin_name3    ; pin_name3   ; 1.000        ; 0.000      ; 2.189      ;
; -1.225 ; lpm_counter0:inst11|lpm_counter:LPM_COUNTER_component|cntr_meh:auto_generated|safe_q[7]  ; lpm_counter0:inst11|lpm_counter:LPM_COUNTER_component|cntr_meh:auto_generated|safe_q[9]  ; pin_name3    ; pin_name3   ; 1.000        ; 0.000      ; 2.188      ;
; -1.216 ; lpm_counter0:inst11|lpm_counter:LPM_COUNTER_component|cntr_meh:auto_generated|safe_q[0]  ; lpm_counter0:inst11|lpm_counter:LPM_COUNTER_component|cntr_meh:auto_generated|safe_q[4]  ; pin_name3    ; pin_name3   ; 1.000        ; 0.000      ; 2.179      ;
; -1.212 ; lpm_counter0:inst11|lpm_counter:LPM_COUNTER_component|cntr_meh:auto_generated|safe_q[8]  ; lpm_counter0:inst11|lpm_counter:LPM_COUNTER_component|cntr_meh:auto_generated|safe_q[10] ; pin_name3    ; pin_name3   ; 1.000        ; 0.000      ; 2.175      ;
; -1.181 ; lpm_counter0:inst11|lpm_counter:LPM_COUNTER_component|cntr_meh:auto_generated|safe_q[9]  ; lpm_counter0:inst11|lpm_counter:LPM_COUNTER_component|cntr_meh:auto_generated|safe_q[10] ; pin_name3    ; pin_name3   ; 1.000        ; 0.000      ; 2.144      ;
; -1.151 ; lpm_counter0:inst11|lpm_counter:LPM_COUNTER_component|cntr_meh:auto_generated|safe_q[2]  ; lpm_counter0:inst11|lpm_counter:LPM_COUNTER_component|cntr_meh:auto_generated|safe_q[3]  ; pin_name3    ; pin_name3   ; 1.000        ; 0.000      ; 2.114      ;
; -1.150 ; lpm_counter0:inst11|lpm_counter:LPM_COUNTER_component|cntr_meh:auto_generated|safe_q[5]  ; lpm_counter0:inst11|lpm_counter:LPM_COUNTER_component|cntr_meh:auto_generated|safe_q[8]  ; pin_name3    ; pin_name3   ; 1.000        ; 0.000      ; 2.113      ;
; -1.146 ; lpm_counter0:inst11|lpm_counter:LPM_COUNTER_component|cntr_meh:auto_generated|safe_q[6]  ; lpm_counter0:inst11|lpm_counter:LPM_COUNTER_component|cntr_meh:auto_generated|safe_q[7]  ; pin_name3    ; pin_name3   ; 1.000        ; 0.000      ; 2.109      ;
; -1.146 ; lpm_counter0:inst11|lpm_counter:LPM_COUNTER_component|cntr_meh:auto_generated|safe_q[1]  ; lpm_counter0:inst11|lpm_counter:LPM_COUNTER_component|cntr_meh:auto_generated|safe_q[2]  ; pin_name3    ; pin_name3   ; 1.000        ; 0.000      ; 2.109      ;
; -1.145 ; lpm_counter0:inst11|lpm_counter:LPM_COUNTER_component|cntr_meh:auto_generated|safe_q[7]  ; lpm_counter0:inst11|lpm_counter:LPM_COUNTER_component|cntr_meh:auto_generated|safe_q[8]  ; pin_name3    ; pin_name3   ; 1.000        ; 0.000      ; 2.108      ;
; -1.136 ; lpm_counter0:inst11|lpm_counter:LPM_COUNTER_component|cntr_meh:auto_generated|safe_q[0]  ; lpm_counter0:inst11|lpm_counter:LPM_COUNTER_component|cntr_meh:auto_generated|safe_q[3]  ; pin_name3    ; pin_name3   ; 1.000        ; 0.000      ; 2.099      ;
; -1.070 ; lpm_counter0:inst11|lpm_counter:LPM_COUNTER_component|cntr_meh:auto_generated|safe_q[5]  ; lpm_counter0:inst11|lpm_counter:LPM_COUNTER_component|cntr_meh:auto_generated|safe_q[7]  ; pin_name3    ; pin_name3   ; 1.000        ; 0.000      ; 2.033      ;
; -1.056 ; lpm_counter0:inst11|lpm_counter:LPM_COUNTER_component|cntr_meh:auto_generated|safe_q[0]  ; lpm_counter0:inst11|lpm_counter:LPM_COUNTER_component|cntr_meh:auto_generated|safe_q[2]  ; pin_name3    ; pin_name3   ; 1.000        ; 0.000      ; 2.019      ;
; -0.991 ; lpm_counter0:inst11|lpm_counter:LPM_COUNTER_component|cntr_meh:auto_generated|safe_q[8]  ; lpm_counter0:inst11|lpm_counter:LPM_COUNTER_component|cntr_meh:auto_generated|safe_q[9]  ; pin_name3    ; pin_name3   ; 1.000        ; 0.000      ; 1.954      ;
; -0.990 ; lpm_counter0:inst11|lpm_counter:LPM_COUNTER_component|cntr_meh:auto_generated|safe_q[5]  ; lpm_counter0:inst11|lpm_counter:LPM_COUNTER_component|cntr_meh:auto_generated|safe_q[6]  ; pin_name3    ; pin_name3   ; 1.000        ; 0.000      ; 1.953      ;
; -0.979 ; lpm_counter0:inst11|lpm_counter:LPM_COUNTER_component|cntr_meh:auto_generated|safe_q[3]  ; lpm_counter0:inst11|lpm_counter:LPM_COUNTER_component|cntr_meh:auto_generated|safe_q[4]  ; pin_name3    ; pin_name3   ; 1.000        ; 0.000      ; 1.942      ;
; -0.976 ; lpm_counter0:inst11|lpm_counter:LPM_COUNTER_component|cntr_meh:auto_generated|safe_q[0]  ; lpm_counter0:inst11|lpm_counter:LPM_COUNTER_component|cntr_meh:auto_generated|safe_q[1]  ; pin_name3    ; pin_name3   ; 1.000        ; 0.000      ; 1.939      ;
; -0.528 ; lpm_counter0:inst11|lpm_counter:LPM_COUNTER_component|cntr_meh:auto_generated|safe_q[4]  ; lpm_counter0:inst11|lpm_counter:LPM_COUNTER_component|cntr_meh:auto_generated|safe_q[4]  ; pin_name3    ; pin_name3   ; 1.000        ; 0.000      ; 1.491      ;
; -0.527 ; lpm_counter0:inst11|lpm_counter:LPM_COUNTER_component|cntr_meh:auto_generated|safe_q[2]  ; lpm_counter0:inst11|lpm_counter:LPM_COUNTER_component|cntr_meh:auto_generated|safe_q[2]  ; pin_name3    ; pin_name3   ; 1.000        ; 0.000      ; 1.490      ;
; -0.522 ; lpm_counter0:inst11|lpm_counter:LPM_COUNTER_component|cntr_meh:auto_generated|safe_q[6]  ; lpm_counter0:inst11|lpm_counter:LPM_COUNTER_component|cntr_meh:auto_generated|safe_q[6]  ; pin_name3    ; pin_name3   ; 1.000        ; 0.000      ; 1.485      ;
; -0.522 ; lpm_counter0:inst11|lpm_counter:LPM_COUNTER_component|cntr_meh:auto_generated|safe_q[1]  ; lpm_counter0:inst11|lpm_counter:LPM_COUNTER_component|cntr_meh:auto_generated|safe_q[1]  ; pin_name3    ; pin_name3   ; 1.000        ; 0.000      ; 1.485      ;
; -0.521 ; lpm_counter0:inst11|lpm_counter:LPM_COUNTER_component|cntr_meh:auto_generated|safe_q[7]  ; lpm_counter0:inst11|lpm_counter:LPM_COUNTER_component|cntr_meh:auto_generated|safe_q[7]  ; pin_name3    ; pin_name3   ; 1.000        ; 0.000      ; 1.484      ;
; -0.379 ; lpm_counter0:inst11|lpm_counter:LPM_COUNTER_component|cntr_meh:auto_generated|safe_q[8]  ; lpm_counter0:inst11|lpm_counter:LPM_COUNTER_component|cntr_meh:auto_generated|safe_q[8]  ; pin_name3    ; pin_name3   ; 1.000        ; 0.000      ; 1.342      ;
; -0.378 ; lpm_counter0:inst11|lpm_counter:LPM_COUNTER_component|cntr_meh:auto_generated|safe_q[5]  ; lpm_counter0:inst11|lpm_counter:LPM_COUNTER_component|cntr_meh:auto_generated|safe_q[5]  ; pin_name3    ; pin_name3   ; 1.000        ; 0.000      ; 1.341      ;
; -0.367 ; lpm_counter0:inst11|lpm_counter:LPM_COUNTER_component|cntr_meh:auto_generated|safe_q[3]  ; lpm_counter0:inst11|lpm_counter:LPM_COUNTER_component|cntr_meh:auto_generated|safe_q[3]  ; pin_name3    ; pin_name3   ; 1.000        ; 0.000      ; 1.330      ;
; -0.366 ; lpm_counter0:inst11|lpm_counter:LPM_COUNTER_component|cntr_meh:auto_generated|safe_q[9]  ; lpm_counter0:inst11|lpm_counter:LPM_COUNTER_component|cntr_meh:auto_generated|safe_q[9]  ; pin_name3    ; pin_name3   ; 1.000        ; 0.000      ; 1.329      ;
; -0.364 ; lpm_counter0:inst11|lpm_counter:LPM_COUNTER_component|cntr_meh:auto_generated|safe_q[0]  ; lpm_counter0:inst11|lpm_counter:LPM_COUNTER_component|cntr_meh:auto_generated|safe_q[0]  ; pin_name3    ; pin_name3   ; 1.000        ; 0.000      ; 1.327      ;
; -0.097 ; lpm_counter0:inst11|lpm_counter:LPM_COUNTER_component|cntr_meh:auto_generated|safe_q[10] ; lpm_counter0:inst11|lpm_counter:LPM_COUNTER_component|cntr_meh:auto_generated|safe_q[10] ; pin_name3    ; pin_name3   ; 1.000        ; 0.000      ; 1.060      ;
+--------+------------------------------------------------------------------------------------------+------------------------------------------------------------------------------------------+--------------+-------------+--------------+------------+------------+


+-------------------------------------------------------------------------------------------------------------------------------------------------------------------------------------------------------------------------------------------------------------------+
; Hold: 'pin_name3'                                                                                                                                                                                                                                                 ;
+-------+------------------------------------------------------------------------------------------+------------------------------------------------------------------------------------------+--------------+-------------+--------------+------------+------------+
; Slack ; From Node                                                                                ; To Node                                                                                  ; Launch Clock ; Latch Clock ; Relationship ; Clock Skew ; Data Delay ;
+-------+------------------------------------------------------------------------------------------+------------------------------------------------------------------------------------------+--------------+-------------+--------------+------------+------------+
; 1.045 ; lpm_counter0:inst11|lpm_counter:LPM_COUNTER_component|cntr_meh:auto_generated|safe_q[10] ; lpm_counter0:inst11|lpm_counter:LPM_COUNTER_component|cntr_meh:auto_generated|safe_q[10] ; pin_name3    ; pin_name3   ; 0.000        ; 0.000      ; 1.060      ;
; 1.312 ; lpm_counter0:inst11|lpm_counter:LPM_COUNTER_component|cntr_meh:auto_generated|safe_q[0]  ; lpm_counter0:inst11|lpm_counter:LPM_COUNTER_component|cntr_meh:auto_generated|safe_q[0]  ; pin_name3    ; pin_name3   ; 0.000        ; 0.000      ; 1.327      ;
; 1.314 ; lpm_counter0:inst11|lpm_counter:LPM_COUNTER_component|cntr_meh:auto_generated|safe_q[9]  ; lpm_counter0:inst11|lpm_counter:LPM_COUNTER_component|cntr_meh:auto_generated|safe_q[9]  ; pin_name3    ; pin_name3   ; 0.000        ; 0.000      ; 1.329      ;
; 1.315 ; lpm_counter0:inst11|lpm_counter:LPM_COUNTER_component|cntr_meh:auto_generated|safe_q[3]  ; lpm_counter0:inst11|lpm_counter:LPM_COUNTER_component|cntr_meh:auto_generated|safe_q[3]  ; pin_name3    ; pin_name3   ; 0.000        ; 0.000      ; 1.330      ;
; 1.326 ; lpm_counter0:inst11|lpm_counter:LPM_COUNTER_component|cntr_meh:auto_generated|safe_q[5]  ; lpm_counter0:inst11|lpm_counter:LPM_COUNTER_component|cntr_meh:auto_generated|safe_q[5]  ; pin_name3    ; pin_name3   ; 0.000        ; 0.000      ; 1.341      ;
; 1.327 ; lpm_counter0:inst11|lpm_counter:LPM_COUNTER_component|cntr_meh:auto_generated|safe_q[8]  ; lpm_counter0:inst11|lpm_counter:LPM_COUNTER_component|cntr_meh:auto_generated|safe_q[8]  ; pin_name3    ; pin_name3   ; 0.000        ; 0.000      ; 1.342      ;
; 1.469 ; lpm_counter0:inst11|lpm_counter:LPM_COUNTER_component|cntr_meh:auto_generated|safe_q[7]  ; lpm_counter0:inst11|lpm_counter:LPM_COUNTER_component|cntr_meh:auto_generated|safe_q[7]  ; pin_name3    ; pin_name3   ; 0.000        ; 0.000      ; 1.484      ;
; 1.470 ; lpm_counter0:inst11|lpm_counter:LPM_COUNTER_component|cntr_meh:auto_generated|safe_q[6]  ; lpm_counter0:inst11|lpm_counter:LPM_COUNTER_component|cntr_meh:auto_generated|safe_q[6]  ; pin_name3    ; pin_name3   ; 0.000        ; 0.000      ; 1.485      ;
; 1.470 ; lpm_counter0:inst11|lpm_counter:LPM_COUNTER_component|cntr_meh:auto_generated|safe_q[1]  ; lpm_counter0:inst11|lpm_counter:LPM_COUNTER_component|cntr_meh:auto_generated|safe_q[1]  ; pin_name3    ; pin_name3   ; 0.000        ; 0.000      ; 1.485      ;
; 1.475 ; lpm_counter0:inst11|lpm_counter:LPM_COUNTER_component|cntr_meh:auto_generated|safe_q[2]  ; lpm_counter0:inst11|lpm_counter:LPM_COUNTER_component|cntr_meh:auto_generated|safe_q[2]  ; pin_name3    ; pin_name3   ; 0.000        ; 0.000      ; 1.490      ;
; 1.476 ; lpm_counter0:inst11|lpm_counter:LPM_COUNTER_component|cntr_meh:auto_generated|safe_q[4]  ; lpm_counter0:inst11|lpm_counter:LPM_COUNTER_component|cntr_meh:auto_generated|safe_q[4]  ; pin_name3    ; pin_name3   ; 0.000        ; 0.000      ; 1.491      ;
; 1.911 ; lpm_counter0:inst11|lpm_counter:LPM_COUNTER_component|cntr_meh:auto_generated|safe_q[0]  ; lpm_counter0:inst11|lpm_counter:LPM_COUNTER_component|cntr_meh:auto_generated|safe_q[1]  ; pin_name3    ; pin_name3   ; 0.000        ; 0.000      ; 1.926      ;
; 1.914 ; lpm_counter0:inst11|lpm_counter:LPM_COUNTER_component|cntr_meh:auto_generated|safe_q[3]  ; lpm_counter0:inst11|lpm_counter:LPM_COUNTER_component|cntr_meh:auto_generated|safe_q[4]  ; pin_name3    ; pin_name3   ; 0.000        ; 0.000      ; 1.929      ;
; 1.925 ; lpm_counter0:inst11|lpm_counter:LPM_COUNTER_component|cntr_meh:auto_generated|safe_q[5]  ; lpm_counter0:inst11|lpm_counter:LPM_COUNTER_component|cntr_meh:auto_generated|safe_q[6]  ; pin_name3    ; pin_name3   ; 0.000        ; 0.000      ; 1.940      ;
; 1.926 ; lpm_counter0:inst11|lpm_counter:LPM_COUNTER_component|cntr_meh:auto_generated|safe_q[8]  ; lpm_counter0:inst11|lpm_counter:LPM_COUNTER_component|cntr_meh:auto_generated|safe_q[9]  ; pin_name3    ; pin_name3   ; 0.000        ; 0.000      ; 1.941      ;
; 1.989 ; lpm_counter0:inst11|lpm_counter:LPM_COUNTER_component|cntr_meh:auto_generated|safe_q[0]  ; lpm_counter0:inst11|lpm_counter:LPM_COUNTER_component|cntr_meh:auto_generated|safe_q[2]  ; pin_name3    ; pin_name3   ; 0.000        ; 0.000      ; 2.004      ;
; 2.003 ; lpm_counter0:inst11|lpm_counter:LPM_COUNTER_component|cntr_meh:auto_generated|safe_q[5]  ; lpm_counter0:inst11|lpm_counter:LPM_COUNTER_component|cntr_meh:auto_generated|safe_q[7]  ; pin_name3    ; pin_name3   ; 0.000        ; 0.000      ; 2.018      ;
; 2.067 ; lpm_counter0:inst11|lpm_counter:LPM_COUNTER_component|cntr_meh:auto_generated|safe_q[0]  ; lpm_counter0:inst11|lpm_counter:LPM_COUNTER_component|cntr_meh:auto_generated|safe_q[3]  ; pin_name3    ; pin_name3   ; 0.000        ; 0.000      ; 2.082      ;
; 2.078 ; lpm_counter0:inst11|lpm_counter:LPM_COUNTER_component|cntr_meh:auto_generated|safe_q[7]  ; lpm_counter0:inst11|lpm_counter:LPM_COUNTER_component|cntr_meh:auto_generated|safe_q[8]  ; pin_name3    ; pin_name3   ; 0.000        ; 0.000      ; 2.093      ;
; 2.079 ; lpm_counter0:inst11|lpm_counter:LPM_COUNTER_component|cntr_meh:auto_generated|safe_q[1]  ; lpm_counter0:inst11|lpm_counter:LPM_COUNTER_component|cntr_meh:auto_generated|safe_q[2]  ; pin_name3    ; pin_name3   ; 0.000        ; 0.000      ; 2.094      ;
; 2.079 ; lpm_counter0:inst11|lpm_counter:LPM_COUNTER_component|cntr_meh:auto_generated|safe_q[6]  ; lpm_counter0:inst11|lpm_counter:LPM_COUNTER_component|cntr_meh:auto_generated|safe_q[7]  ; pin_name3    ; pin_name3   ; 0.000        ; 0.000      ; 2.094      ;
; 2.081 ; lpm_counter0:inst11|lpm_counter:LPM_COUNTER_component|cntr_meh:auto_generated|safe_q[5]  ; lpm_counter0:inst11|lpm_counter:LPM_COUNTER_component|cntr_meh:auto_generated|safe_q[8]  ; pin_name3    ; pin_name3   ; 0.000        ; 0.000      ; 2.096      ;
; 2.084 ; lpm_counter0:inst11|lpm_counter:LPM_COUNTER_component|cntr_meh:auto_generated|safe_q[2]  ; lpm_counter0:inst11|lpm_counter:LPM_COUNTER_component|cntr_meh:auto_generated|safe_q[3]  ; pin_name3    ; pin_name3   ; 0.000        ; 0.000      ; 2.099      ;
; 2.129 ; lpm_counter0:inst11|lpm_counter:LPM_COUNTER_component|cntr_meh:auto_generated|safe_q[9]  ; lpm_counter0:inst11|lpm_counter:LPM_COUNTER_component|cntr_meh:auto_generated|safe_q[10] ; pin_name3    ; pin_name3   ; 0.000        ; 0.000      ; 2.144      ;
; 2.145 ; lpm_counter0:inst11|lpm_counter:LPM_COUNTER_component|cntr_meh:auto_generated|safe_q[0]  ; lpm_counter0:inst11|lpm_counter:LPM_COUNTER_component|cntr_meh:auto_generated|safe_q[4]  ; pin_name3    ; pin_name3   ; 0.000        ; 0.000      ; 2.160      ;
; 2.148 ; lpm_counter0:inst11|lpm_counter:LPM_COUNTER_component|cntr_meh:auto_generated|safe_q[8]  ; lpm_counter0:inst11|lpm_counter:LPM_COUNTER_component|cntr_meh:auto_generated|safe_q[10] ; pin_name3    ; pin_name3   ; 0.000        ; 0.000      ; 2.163      ;
; 2.156 ; lpm_counter0:inst11|lpm_counter:LPM_COUNTER_component|cntr_meh:auto_generated|safe_q[7]  ; lpm_counter0:inst11|lpm_counter:LPM_COUNTER_component|cntr_meh:auto_generated|safe_q[9]  ; pin_name3    ; pin_name3   ; 0.000        ; 0.000      ; 2.171      ;
; 2.157 ; lpm_counter0:inst11|lpm_counter:LPM_COUNTER_component|cntr_meh:auto_generated|safe_q[1]  ; lpm_counter0:inst11|lpm_counter:LPM_COUNTER_component|cntr_meh:auto_generated|safe_q[3]  ; pin_name3    ; pin_name3   ; 0.000        ; 0.000      ; 2.172      ;
; 2.157 ; lpm_counter0:inst11|lpm_counter:LPM_COUNTER_component|cntr_meh:auto_generated|safe_q[6]  ; lpm_counter0:inst11|lpm_counter:LPM_COUNTER_component|cntr_meh:auto_generated|safe_q[8]  ; pin_name3    ; pin_name3   ; 0.000        ; 0.000      ; 2.172      ;
; 2.159 ; lpm_counter0:inst11|lpm_counter:LPM_COUNTER_component|cntr_meh:auto_generated|safe_q[5]  ; lpm_counter0:inst11|lpm_counter:LPM_COUNTER_component|cntr_meh:auto_generated|safe_q[9]  ; pin_name3    ; pin_name3   ; 0.000        ; 0.000      ; 2.174      ;
; 2.162 ; lpm_counter0:inst11|lpm_counter:LPM_COUNTER_component|cntr_meh:auto_generated|safe_q[2]  ; lpm_counter0:inst11|lpm_counter:LPM_COUNTER_component|cntr_meh:auto_generated|safe_q[4]  ; pin_name3    ; pin_name3   ; 0.000        ; 0.000      ; 2.177      ;
; 2.235 ; lpm_counter0:inst11|lpm_counter:LPM_COUNTER_component|cntr_meh:auto_generated|safe_q[1]  ; lpm_counter0:inst11|lpm_counter:LPM_COUNTER_component|cntr_meh:auto_generated|safe_q[4]  ; pin_name3    ; pin_name3   ; 0.000        ; 0.000      ; 2.250      ;
; 2.235 ; lpm_counter0:inst11|lpm_counter:LPM_COUNTER_component|cntr_meh:auto_generated|safe_q[6]  ; lpm_counter0:inst11|lpm_counter:LPM_COUNTER_component|cntr_meh:auto_generated|safe_q[9]  ; pin_name3    ; pin_name3   ; 0.000        ; 0.000      ; 2.250      ;
; 2.296 ; lpm_counter0:inst11|lpm_counter:LPM_COUNTER_component|cntr_meh:auto_generated|safe_q[3]  ; lpm_counter0:inst11|lpm_counter:LPM_COUNTER_component|cntr_meh:auto_generated|safe_q[9]  ; pin_name3    ; pin_name3   ; 0.000        ; 0.000      ; 2.311      ;
; 2.296 ; lpm_counter0:inst11|lpm_counter:LPM_COUNTER_component|cntr_meh:auto_generated|safe_q[3]  ; lpm_counter0:inst11|lpm_counter:LPM_COUNTER_component|cntr_meh:auto_generated|safe_q[8]  ; pin_name3    ; pin_name3   ; 0.000        ; 0.000      ; 2.311      ;
; 2.296 ; lpm_counter0:inst11|lpm_counter:LPM_COUNTER_component|cntr_meh:auto_generated|safe_q[3]  ; lpm_counter0:inst11|lpm_counter:LPM_COUNTER_component|cntr_meh:auto_generated|safe_q[7]  ; pin_name3    ; pin_name3   ; 0.000        ; 0.000      ; 2.311      ;
; 2.296 ; lpm_counter0:inst11|lpm_counter:LPM_COUNTER_component|cntr_meh:auto_generated|safe_q[3]  ; lpm_counter0:inst11|lpm_counter:LPM_COUNTER_component|cntr_meh:auto_generated|safe_q[6]  ; pin_name3    ; pin_name3   ; 0.000        ; 0.000      ; 2.311      ;
; 2.296 ; lpm_counter0:inst11|lpm_counter:LPM_COUNTER_component|cntr_meh:auto_generated|safe_q[3]  ; lpm_counter0:inst11|lpm_counter:LPM_COUNTER_component|cntr_meh:auto_generated|safe_q[5]  ; pin_name3    ; pin_name3   ; 0.000        ; 0.000      ; 2.311      ;
; 2.373 ; lpm_counter0:inst11|lpm_counter:LPM_COUNTER_component|cntr_meh:auto_generated|safe_q[3]  ; lpm_counter0:inst11|lpm_counter:LPM_COUNTER_component|cntr_meh:auto_generated|safe_q[10] ; pin_name3    ; pin_name3   ; 0.000        ; 0.000      ; 2.388      ;
; 2.382 ; lpm_counter0:inst11|lpm_counter:LPM_COUNTER_component|cntr_meh:auto_generated|safe_q[7]  ; lpm_counter0:inst11|lpm_counter:LPM_COUNTER_component|cntr_meh:auto_generated|safe_q[10] ; pin_name3    ; pin_name3   ; 0.000        ; 0.000      ; 2.397      ;
; 2.387 ; lpm_counter0:inst11|lpm_counter:LPM_COUNTER_component|cntr_meh:auto_generated|safe_q[5]  ; lpm_counter0:inst11|lpm_counter:LPM_COUNTER_component|cntr_meh:auto_generated|safe_q[10] ; pin_name3    ; pin_name3   ; 0.000        ; 0.000      ; 2.402      ;
; 2.463 ; lpm_counter0:inst11|lpm_counter:LPM_COUNTER_component|cntr_meh:auto_generated|safe_q[6]  ; lpm_counter0:inst11|lpm_counter:LPM_COUNTER_component|cntr_meh:auto_generated|safe_q[10] ; pin_name3    ; pin_name3   ; 0.000        ; 0.000      ; 2.478      ;
; 2.474 ; lpm_counter0:inst11|lpm_counter:LPM_COUNTER_component|cntr_meh:auto_generated|safe_q[4]  ; lpm_counter0:inst11|lpm_counter:LPM_COUNTER_component|cntr_meh:auto_generated|safe_q[9]  ; pin_name3    ; pin_name3   ; 0.000        ; 0.000      ; 2.489      ;
; 2.474 ; lpm_counter0:inst11|lpm_counter:LPM_COUNTER_component|cntr_meh:auto_generated|safe_q[4]  ; lpm_counter0:inst11|lpm_counter:LPM_COUNTER_component|cntr_meh:auto_generated|safe_q[8]  ; pin_name3    ; pin_name3   ; 0.000        ; 0.000      ; 2.489      ;
; 2.474 ; lpm_counter0:inst11|lpm_counter:LPM_COUNTER_component|cntr_meh:auto_generated|safe_q[4]  ; lpm_counter0:inst11|lpm_counter:LPM_COUNTER_component|cntr_meh:auto_generated|safe_q[7]  ; pin_name3    ; pin_name3   ; 0.000        ; 0.000      ; 2.489      ;
; 2.474 ; lpm_counter0:inst11|lpm_counter:LPM_COUNTER_component|cntr_meh:auto_generated|safe_q[4]  ; lpm_counter0:inst11|lpm_counter:LPM_COUNTER_component|cntr_meh:auto_generated|safe_q[6]  ; pin_name3    ; pin_name3   ; 0.000        ; 0.000      ; 2.489      ;
; 2.474 ; lpm_counter0:inst11|lpm_counter:LPM_COUNTER_component|cntr_meh:auto_generated|safe_q[4]  ; lpm_counter0:inst11|lpm_counter:LPM_COUNTER_component|cntr_meh:auto_generated|safe_q[5]  ; pin_name3    ; pin_name3   ; 0.000        ; 0.000      ; 2.489      ;
; 2.531 ; lpm_counter0:inst11|lpm_counter:LPM_COUNTER_component|cntr_meh:auto_generated|safe_q[0]  ; lpm_counter0:inst11|lpm_counter:LPM_COUNTER_component|cntr_meh:auto_generated|safe_q[9]  ; pin_name3    ; pin_name3   ; 0.000        ; 0.000      ; 2.546      ;
; 2.531 ; lpm_counter0:inst11|lpm_counter:LPM_COUNTER_component|cntr_meh:auto_generated|safe_q[0]  ; lpm_counter0:inst11|lpm_counter:LPM_COUNTER_component|cntr_meh:auto_generated|safe_q[8]  ; pin_name3    ; pin_name3   ; 0.000        ; 0.000      ; 2.546      ;
; 2.531 ; lpm_counter0:inst11|lpm_counter:LPM_COUNTER_component|cntr_meh:auto_generated|safe_q[0]  ; lpm_counter0:inst11|lpm_counter:LPM_COUNTER_component|cntr_meh:auto_generated|safe_q[7]  ; pin_name3    ; pin_name3   ; 0.000        ; 0.000      ; 2.546      ;
; 2.531 ; lpm_counter0:inst11|lpm_counter:LPM_COUNTER_component|cntr_meh:auto_generated|safe_q[0]  ; lpm_counter0:inst11|lpm_counter:LPM_COUNTER_component|cntr_meh:auto_generated|safe_q[6]  ; pin_name3    ; pin_name3   ; 0.000        ; 0.000      ; 2.546      ;
; 2.531 ; lpm_counter0:inst11|lpm_counter:LPM_COUNTER_component|cntr_meh:auto_generated|safe_q[0]  ; lpm_counter0:inst11|lpm_counter:LPM_COUNTER_component|cntr_meh:auto_generated|safe_q[5]  ; pin_name3    ; pin_name3   ; 0.000        ; 0.000      ; 2.546      ;
; 2.548 ; lpm_counter0:inst11|lpm_counter:LPM_COUNTER_component|cntr_meh:auto_generated|safe_q[2]  ; lpm_counter0:inst11|lpm_counter:LPM_COUNTER_component|cntr_meh:auto_generated|safe_q[9]  ; pin_name3    ; pin_name3   ; 0.000        ; 0.000      ; 2.563      ;
; 2.548 ; lpm_counter0:inst11|lpm_counter:LPM_COUNTER_component|cntr_meh:auto_generated|safe_q[2]  ; lpm_counter0:inst11|lpm_counter:LPM_COUNTER_component|cntr_meh:auto_generated|safe_q[8]  ; pin_name3    ; pin_name3   ; 0.000        ; 0.000      ; 2.563      ;
; 2.548 ; lpm_counter0:inst11|lpm_counter:LPM_COUNTER_component|cntr_meh:auto_generated|safe_q[2]  ; lpm_counter0:inst11|lpm_counter:LPM_COUNTER_component|cntr_meh:auto_generated|safe_q[7]  ; pin_name3    ; pin_name3   ; 0.000        ; 0.000      ; 2.563      ;
; 2.548 ; lpm_counter0:inst11|lpm_counter:LPM_COUNTER_component|cntr_meh:auto_generated|safe_q[2]  ; lpm_counter0:inst11|lpm_counter:LPM_COUNTER_component|cntr_meh:auto_generated|safe_q[6]  ; pin_name3    ; pin_name3   ; 0.000        ; 0.000      ; 2.563      ;
; 2.548 ; lpm_counter0:inst11|lpm_counter:LPM_COUNTER_component|cntr_meh:auto_generated|safe_q[2]  ; lpm_counter0:inst11|lpm_counter:LPM_COUNTER_component|cntr_meh:auto_generated|safe_q[5]  ; pin_name3    ; pin_name3   ; 0.000        ; 0.000      ; 2.563      ;
; 2.551 ; lpm_counter0:inst11|lpm_counter:LPM_COUNTER_component|cntr_meh:auto_generated|safe_q[4]  ; lpm_counter0:inst11|lpm_counter:LPM_COUNTER_component|cntr_meh:auto_generated|safe_q[10] ; pin_name3    ; pin_name3   ; 0.000        ; 0.000      ; 2.566      ;
; 2.608 ; lpm_counter0:inst11|lpm_counter:LPM_COUNTER_component|cntr_meh:auto_generated|safe_q[0]  ; lpm_counter0:inst11|lpm_counter:LPM_COUNTER_component|cntr_meh:auto_generated|safe_q[10] ; pin_name3    ; pin_name3   ; 0.000        ; 0.000      ; 2.623      ;
; 2.621 ; lpm_counter0:inst11|lpm_counter:LPM_COUNTER_component|cntr_meh:auto_generated|safe_q[1]  ; lpm_counter0:inst11|lpm_counter:LPM_COUNTER_component|cntr_meh:auto_generated|safe_q[9]  ; pin_name3    ; pin_name3   ; 0.000        ; 0.000      ; 2.636      ;
; 2.621 ; lpm_counter0:inst11|lpm_counter:LPM_COUNTER_component|cntr_meh:auto_generated|safe_q[1]  ; lpm_counter0:inst11|lpm_counter:LPM_COUNTER_component|cntr_meh:auto_generated|safe_q[8]  ; pin_name3    ; pin_name3   ; 0.000        ; 0.000      ; 2.636      ;
; 2.621 ; lpm_counter0:inst11|lpm_counter:LPM_COUNTER_component|cntr_meh:auto_generated|safe_q[1]  ; lpm_counter0:inst11|lpm_counter:LPM_COUNTER_component|cntr_meh:auto_generated|safe_q[7]  ; pin_name3    ; pin_name3   ; 0.000        ; 0.000      ; 2.636      ;
; 2.621 ; lpm_counter0:inst11|lpm_counter:LPM_COUNTER_component|cntr_meh:auto_generated|safe_q[1]  ; lpm_counter0:inst11|lpm_counter:LPM_COUNTER_component|cntr_meh:auto_generated|safe_q[6]  ; pin_name3    ; pin_name3   ; 0.000        ; 0.000      ; 2.636      ;
; 2.621 ; lpm_counter0:inst11|lpm_counter:LPM_COUNTER_component|cntr_meh:auto_generated|safe_q[1]  ; lpm_counter0:inst11|lpm_counter:LPM_COUNTER_component|cntr_meh:auto_generated|safe_q[5]  ; pin_name3    ; pin_name3   ; 0.000        ; 0.000      ; 2.636      ;
; 2.625 ; lpm_counter0:inst11|lpm_counter:LPM_COUNTER_component|cntr_meh:auto_generated|safe_q[2]  ; lpm_counter0:inst11|lpm_counter:LPM_COUNTER_component|cntr_meh:auto_generated|safe_q[10] ; pin_name3    ; pin_name3   ; 0.000        ; 0.000      ; 2.640      ;
; 2.698 ; lpm_counter0:inst11|lpm_counter:LPM_COUNTER_component|cntr_meh:auto_generated|safe_q[1]  ; lpm_counter0:inst11|lpm_counter:LPM_COUNTER_component|cntr_meh:auto_generated|safe_q[10] ; pin_name3    ; pin_name3   ; 0.000        ; 0.000      ; 2.713      ;
+-------+------------------------------------------------------------------------------------------+------------------------------------------------------------------------------------------+--------------+-------------+--------------+------------+------------+


+-------------------------------------------------------------------------------------------------------------------------------------------------------------------------------+
; Minimum Pulse Width: 'pin_name3'                                                                                                                                              ;
+--------+--------------+----------------+------------------+-----------+------------+------------------------------------------------------------------------------------------+
; Slack  ; Actual Width ; Required Width ; Type             ; Clock     ; Clock Edge ; Target                                                                                   ;
+--------+--------------+----------------+------------------+-----------+------------+------------------------------------------------------------------------------------------+
; -1.583 ; 1.000        ; 2.583          ; Port Rate        ; pin_name3 ; Rise       ; pin_name3                                                                                ;
; -1.318 ; 0.500        ; 1.818          ; High Pulse Width ; pin_name3 ; Rise       ; lpm_counter0:inst11|lpm_counter:LPM_COUNTER_component|cntr_meh:auto_generated|safe_q[0]  ;
; -1.318 ; 0.500        ; 1.818          ; Low Pulse Width  ; pin_name3 ; Rise       ; lpm_counter0:inst11|lpm_counter:LPM_COUNTER_component|cntr_meh:auto_generated|safe_q[0]  ;
; -1.318 ; 0.500        ; 1.818          ; High Pulse Width ; pin_name3 ; Rise       ; lpm_counter0:inst11|lpm_counter:LPM_COUNTER_component|cntr_meh:auto_generated|safe_q[10] ;
; -1.318 ; 0.500        ; 1.818          ; Low Pulse Width  ; pin_name3 ; Rise       ; lpm_counter0:inst11|lpm_counter:LPM_COUNTER_component|cntr_meh:auto_generated|safe_q[10] ;
; -1.318 ; 0.500        ; 1.818          ; High Pulse Width ; pin_name3 ; Rise       ; lpm_counter0:inst11|lpm_counter:LPM_COUNTER_component|cntr_meh:auto_generated|safe_q[1]  ;
; -1.318 ; 0.500        ; 1.818          ; Low Pulse Width  ; pin_name3 ; Rise       ; lpm_counter0:inst11|lpm_counter:LPM_COUNTER_component|cntr_meh:auto_generated|safe_q[1]  ;
; -1.318 ; 0.500        ; 1.818          ; High Pulse Width ; pin_name3 ; Rise       ; lpm_counter0:inst11|lpm_counter:LPM_COUNTER_component|cntr_meh:auto_generated|safe_q[2]  ;
; -1.318 ; 0.500        ; 1.818          ; Low Pulse Width  ; pin_name3 ; Rise       ; lpm_counter0:inst11|lpm_counter:LPM_COUNTER_component|cntr_meh:auto_generated|safe_q[2]  ;
; -1.318 ; 0.500        ; 1.818          ; High Pulse Width ; pin_name3 ; Rise       ; lpm_counter0:inst11|lpm_counter:LPM_COUNTER_component|cntr_meh:auto_generated|safe_q[3]  ;
; -1.318 ; 0.500        ; 1.818          ; Low Pulse Width  ; pin_name3 ; Rise       ; lpm_counter0:inst11|lpm_counter:LPM_COUNTER_component|cntr_meh:auto_generated|safe_q[3]  ;
; -1.318 ; 0.500        ; 1.818          ; High Pulse Width ; pin_name3 ; Rise       ; lpm_counter0:inst11|lpm_counter:LPM_COUNTER_component|cntr_meh:auto_generated|safe_q[4]  ;
; -1.318 ; 0.500        ; 1.818          ; Low Pulse Width  ; pin_name3 ; Rise       ; lpm_counter0:inst11|lpm_counter:LPM_COUNTER_component|cntr_meh:auto_generated|safe_q[4]  ;
; -1.318 ; 0.500        ; 1.818          ; High Pulse Width ; pin_name3 ; Rise       ; lpm_counter0:inst11|lpm_counter:LPM_COUNTER_component|cntr_meh:auto_generated|safe_q[5]  ;
; -1.318 ; 0.500        ; 1.818          ; Low Pulse Width  ; pin_name3 ; Rise       ; lpm_counter0:inst11|lpm_counter:LPM_COUNTER_component|cntr_meh:auto_generated|safe_q[5]  ;
; -1.318 ; 0.500        ; 1.818          ; High Pulse Width ; pin_name3 ; Rise       ; lpm_counter0:inst11|lpm_counter:LPM_COUNTER_component|cntr_meh:auto_generated|safe_q[6]  ;
; -1.318 ; 0.500        ; 1.818          ; Low Pulse Width  ; pin_name3 ; Rise       ; lpm_counter0:inst11|lpm_counter:LPM_COUNTER_component|cntr_meh:auto_generated|safe_q[6]  ;
; -1.318 ; 0.500        ; 1.818          ; High Pulse Width ; pin_name3 ; Rise       ; lpm_counter0:inst11|lpm_counter:LPM_COUNTER_component|cntr_meh:auto_generated|safe_q[7]  ;
; -1.318 ; 0.500        ; 1.818          ; Low Pulse Width  ; pin_name3 ; Rise       ; lpm_counter0:inst11|lpm_counter:LPM_COUNTER_component|cntr_meh:auto_generated|safe_q[7]  ;
; -1.318 ; 0.500        ; 1.818          ; High Pulse Width ; pin_name3 ; Rise       ; lpm_counter0:inst11|lpm_counter:LPM_COUNTER_component|cntr_meh:auto_generated|safe_q[8]  ;
; -1.318 ; 0.500        ; 1.818          ; Low Pulse Width  ; pin_name3 ; Rise       ; lpm_counter0:inst11|lpm_counter:LPM_COUNTER_component|cntr_meh:auto_generated|safe_q[8]  ;
; -1.318 ; 0.500        ; 1.818          ; High Pulse Width ; pin_name3 ; Rise       ; lpm_counter0:inst11|lpm_counter:LPM_COUNTER_component|cntr_meh:auto_generated|safe_q[9]  ;
; -1.318 ; 0.500        ; 1.818          ; Low Pulse Width  ; pin_name3 ; Rise       ; lpm_counter0:inst11|lpm_counter:LPM_COUNTER_component|cntr_meh:auto_generated|safe_q[9]  ;
; 0.500  ; 0.500        ; 0.000          ; High Pulse Width ; pin_name3 ; Rise       ; inst11|LPM_COUNTER_component|auto_generated|counter_cella0|clk                           ;
; 0.500  ; 0.500        ; 0.000          ; Low Pulse Width  ; pin_name3 ; Rise       ; inst11|LPM_COUNTER_component|auto_generated|counter_cella0|clk                           ;
; 0.500  ; 0.500        ; 0.000          ; High Pulse Width ; pin_name3 ; Rise       ; inst11|LPM_COUNTER_component|auto_generated|counter_cella10|clk                          ;
; 0.500  ; 0.500        ; 0.000          ; Low Pulse Width  ; pin_name3 ; Rise       ; inst11|LPM_COUNTER_component|auto_generated|counter_cella10|clk                          ;
; 0.500  ; 0.500        ; 0.000          ; High Pulse Width ; pin_name3 ; Rise       ; inst11|LPM_COUNTER_component|auto_generated|counter_cella1|clk                           ;
; 0.500  ; 0.500        ; 0.000          ; Low Pulse Width  ; pin_name3 ; Rise       ; inst11|LPM_COUNTER_component|auto_generated|counter_cella1|clk                           ;
; 0.500  ; 0.500        ; 0.000          ; High Pulse Width ; pin_name3 ; Rise       ; inst11|LPM_COUNTER_component|auto_generated|counter_cella2|clk                           ;
; 0.500  ; 0.500        ; 0.000          ; Low Pulse Width  ; pin_name3 ; Rise       ; inst11|LPM_COUNTER_component|auto_generated|counter_cella2|clk                           ;
; 0.500  ; 0.500        ; 0.000          ; High Pulse Width ; pin_name3 ; Rise       ; inst11|LPM_COUNTER_component|auto_generated|counter_cella3|clk                           ;
; 0.500  ; 0.500        ; 0.000          ; Low Pulse Width  ; pin_name3 ; Rise       ; inst11|LPM_COUNTER_component|auto_generated|counter_cella3|clk                           ;
; 0.500  ; 0.500        ; 0.000          ; High Pulse Width ; pin_name3 ; Rise       ; inst11|LPM_COUNTER_component|auto_generated|counter_cella4|clk                           ;
; 0.500  ; 0.500        ; 0.000          ; Low Pulse Width  ; pin_name3 ; Rise       ; inst11|LPM_COUNTER_component|auto_generated|counter_cella4|clk                           ;
; 0.500  ; 0.500        ; 0.000          ; High Pulse Width ; pin_name3 ; Rise       ; inst11|LPM_COUNTER_component|auto_generated|counter_cella5|clk                           ;
; 0.500  ; 0.500        ; 0.000          ; Low Pulse Width  ; pin_name3 ; Rise       ; inst11|LPM_COUNTER_component|auto_generated|counter_cella5|clk                           ;
; 0.500  ; 0.500        ; 0.000          ; High Pulse Width ; pin_name3 ; Rise       ; inst11|LPM_COUNTER_component|auto_generated|counter_cella6|clk                           ;
; 0.500  ; 0.500        ; 0.000          ; Low Pulse Width  ; pin_name3 ; Rise       ; inst11|LPM_COUNTER_component|auto_generated|counter_cella6|clk                           ;
; 0.500  ; 0.500        ; 0.000          ; High Pulse Width ; pin_name3 ; Rise       ; inst11|LPM_COUNTER_component|auto_generated|counter_cella7|clk                           ;
; 0.500  ; 0.500        ; 0.000          ; Low Pulse Width  ; pin_name3 ; Rise       ; inst11|LPM_COUNTER_component|auto_generated|counter_cella7|clk                           ;
; 0.500  ; 0.500        ; 0.000          ; High Pulse Width ; pin_name3 ; Rise       ; inst11|LPM_COUNTER_component|auto_generated|counter_cella8|clk                           ;
; 0.500  ; 0.500        ; 0.000          ; Low Pulse Width  ; pin_name3 ; Rise       ; inst11|LPM_COUNTER_component|auto_generated|counter_cella8|clk                           ;
; 0.500  ; 0.500        ; 0.000          ; High Pulse Width ; pin_name3 ; Rise       ; inst11|LPM_COUNTER_component|auto_generated|counter_cella9|clk                           ;
; 0.500  ; 0.500        ; 0.000          ; Low Pulse Width  ; pin_name3 ; Rise       ; inst11|LPM_COUNTER_component|auto_generated|counter_cella9|clk                           ;
; 0.500  ; 0.500        ; 0.000          ; High Pulse Width ; pin_name3 ; Rise       ; pin_name3|combout                                                                        ;
; 0.500  ; 0.500        ; 0.000          ; Low Pulse Width  ; pin_name3 ; Rise       ; pin_name3|combout                                                                        ;
+--------+--------------+----------------+------------------+-----------+------------+------------------------------------------------------------------------------------------+


+-----------------------------------------------------------------------+
; Clock to Output Times                                                 ;
+-----------+------------+-------+-------+------------+-----------------+
; Data Port ; Clock Port ; Rise  ; Fall  ; Clock Edge ; Clock Reference ;
+-----------+------------+-------+-------+------------+-----------------+
; pin_name  ; pin_name3  ; 6.476 ; 6.476 ; Rise       ; pin_name3       ;
+-----------+------------+-------+-------+------------+-----------------+


+-----------------------------------------------------------------------+
; Minimum Clock to Output Times                                         ;
+-----------+------------+-------+-------+------------+-----------------+
; Data Port ; Clock Port ; Rise  ; Fall  ; Clock Edge ; Clock Reference ;
+-----------+------------+-------+-------+------------+-----------------+
; pin_name  ; pin_name3  ; 6.476 ; 6.476 ; Rise       ; pin_name3       ;
+-----------+------------+-------+-------+------------+-----------------+


+--------------------------------------------------------------------+
; Setup Transfers                                                    ;
+------------+-----------+----------+----------+----------+----------+
; From Clock ; To Clock  ; RR Paths ; FR Paths ; RF Paths ; FF Paths ;
+------------+-----------+----------+----------+----------+----------+
; pin_name3  ; pin_name3 ; 114      ; 0        ; 0        ; 0        ;
+------------+-----------+----------+----------+----------+----------+
Entries labeled "false path" only account for clock-to-clock false paths and not path-based false paths. As a result, actual path counts may be lower than reported.


+--------------------------------------------------------------------+
; Hold Transfers                                                     ;
+------------+-----------+----------+----------+----------+----------+
; From Clock ; To Clock  ; RR Paths ; FR Paths ; RF Paths ; FF Paths ;
+------------+-----------+----------+----------+----------+----------+
; pin_name3  ; pin_name3 ; 114      ; 0        ; 0        ; 0        ;
+------------+-----------+----------+----------+----------+----------+
Entries labeled "false path" only account for clock-to-clock false paths and not path-based false paths. As a result, actual path counts may be lower than reported.


---------------
; Report TCCS ;
---------------
No dedicated SERDES Transmitter circuitry present in device or used in design


---------------
; Report RSKM ;
---------------
No dedicated SERDES Receiver circuitry present in device or used in design


+------------------------------------------------+
; Unconstrained Paths                            ;
+---------------------------------+-------+------+
; Property                        ; Setup ; Hold ;
+---------------------------------+-------+------+
; Illegal Clocks                  ; 0     ; 0    ;
; Unconstrained Clocks            ; 0     ; 0    ;
; Unconstrained Input Ports       ; 0     ; 0    ;
; Unconstrained Input Port Paths  ; 0     ; 0    ;
; Unconstrained Output Ports      ; 1     ; 1    ;
; Unconstrained Output Port Paths ; 1     ; 1    ;
+---------------------------------+-------+------+


+------------------------------------+
; TimeQuest Timing Analyzer Messages ;
+------------------------------------+
Info: *******************************************************************
Info: Running Quartus II TimeQuest Timing Analyzer
    Info: Version 11.0 Build 208 07/03/2011 Service Pack 1 SJ Web Edition
    Info: Processing started: Wed Sep 09 23:06:34 2020
Info: Command: quartus_sta lab2_1 -c lab2_1
Info: qsta_default_script.tcl version: #1
Warning: Parallel compilation is not licensed and has been disabled
Critical Warning: Synopsys Design Constraints File file not found: 'lab2_1.sdc'. A Synopsys Design Constraints File is required by the TimeQuest Timing Analyzer to get proper timing constraints. Without it, the Compiler will not properly optimize the design.
Info: No user constrained base clocks found in the design. Calling "derive_clocks -period 1.0"
Info: Deriving Clocks
    Info: create_clock -period 1.000 -name pin_name3 pin_name3
Critical Warning: Timing requirements not met
Info: Worst-case setup slack is -1.752
    Info:     Slack End Point TNS Clock 
    Info: ========= ============= =====================
    Info:    -1.752       -15.145 pin_name3 
Info: Worst-case hold slack is 1.045
    Info:     Slack End Point TNS Clock 
    Info: ========= ============= =====================
    Info:     1.045         0.000 pin_name3 
Info: No Recovery paths to report
Info: No Removal paths to report
Info: Worst-case minimum pulse width slack is -1.583
    Info:     Slack End Point TNS Clock 
    Info: ========= ============= =====================
    Info:    -1.583       -30.579 pin_name3 
Info: The selected device family is not supported by the report_metastability command.
Info: Design is not fully constrained for setup requirements
Info: Design is not fully constrained for hold requirements
Info: Quartus II TimeQuest Timing Analyzer was successful. 0 errors, 3 warnings
    Info: Peak virtual memory: 222 megabytes
    Info: Processing ended: Wed Sep 09 23:06:37 2020
    Info: Elapsed time: 00:00:03
    Info: Total CPU time (on all processors): 00:00:01


