Flow report for lab2_1
Wed Sep 09 23:06:37 2020
Quartus II Version 11.0 Build 208 07/03/2011 Service Pack 1 SJ Web Edition


---------------------
; Table of Contents ;
---------------------
  1. Legal Notice
  2. Flow Summary
  3. Flow Settings
  4. Flow Non-Default Global Settings
  5. Flow Elapsed Time
  6. Flow OS Summary
  7. Flow Log



----------------
; Legal Notice ;
----------------
Copyright (C) 1991-2011 Altera Corporation
Your use of Altera Corporation's design tools, logic functions 
and other software and tools, and its AMPP partner logic 
functions, and any output files from any of the foregoing 
(including device programming or simulation files), and any 
associated documentation or information are expressly subject 
to the terms and conditions of the Altera Program License 
Subscription Agreement, Altera MegaCore Function License 
Agreement, or other applicable license agreement, including, 
without limitation, that your use is for the sole purpose of 
programming logic devices manufactured by Altera and sold by 
Altera or its authorized distributors.  Please refer to the 
applicable agreement for further details.



+-----------------------------------------------------------------------+
; Flow Summary                                                          ;
+-----------------------+-----------------------------------------------+
; Flow Status           ; Successful - Wed Sep 09 23:02:22 2020         ;
; Quartus II Version    ; 11.0 Build 208 07/03/2011 SP 1 SJ Web Edition ;
; Revision Name         ; lab2_1                                        ;
; Top-level Entity Name ; lab2_1                                        ;
; Family                ; Cyclone                                       ;
; Device                ; EP1C3T144C8                                   ;
; Timing Models         ; Final                                         ;
; Total logic elements  ; 11 / 2,910 ( < 1 % )                          ;
; Total pins            ; 2 / 104 ( 2 % )                               ;
; Total virtual pins    ; 0                                             ;
; Total memory bits     ; 0 / 59,904 ( 0 % )                            ;
; Total PLLs            ; 0 / 1 ( 0 % )                                 ;
+-----------------------+-----------------------------------------------+


+-----------------------------------------+
; Flow Settings                           ;
+-------------------+---------------------+
; Option            ; Setting             ;
+-------------------+---------------------+
; Start date & time ; 09/09/2020 23:02:00 ;
; Main task         ; Compilation         ;
; Revision Name     ; lab2_1              ;
+-------------------+---------------------+


+----------------------------------------------------------------------------------------------------------------+
; Flow Non-Default Global Settings                                                                               ;
+-------------------------------------+-------------------------------+---------------+-------------+------------+
; Assignment Name                     ; Value                         ; Default Value ; Entity Name ; Section Id ;
+-------------------------------------+-------------------------------+---------------+-------------+------------+
; COMPILER_SIGNATURE_ID               ; 1095714970063.159965652007004 ; --            ; --          ; --         ;
; IP_TOOL_NAME                        ; ALTPLL                        ; --            ; --          ; --         ;
; IP_TOOL_NAME                        ; LPM_COUNTER                   ; --            ; --          ; --         ;
; IP_TOOL_VERSION                     ; 11.0                          ; --            ; --          ; --         ;
; IP_TOOL_VERSION                     ; 11.0                          ; --            ; --          ; --         ;
; MAX_CORE_JUNCTION_TEMP              ; 85                            ; --            ; --          ; --         ;
; MIN_CORE_JUNCTION_TEMP              ; 0                             ; --            ; --          ; --         ;
; MISC_FILE                           ; altpll0.bsf                   ; --            ; --          ; --         ;
; MISC_FILE                           ; altpll0.cmp                   ; --            ; --          ; --         ;
; MISC_FILE                           ; altpll0.ppf                   ; --            ; --          ; --         ;
; MISC_FILE                           ; lpm_counter0.bsf              ; --            ; --          ; --         ;
; MISC_FILE                           ; lpm_counter0.cmp              ; --            ; --          ; --         ;
; PARTITION_COLOR                     ; 16764057                      ; --            ; --          ; Top        ;
; PARTITION_FITTER_PRESERVATION_LEVEL ; PLACEMENT_AND_ROUTING         ; --            ; --          ; Top        ;
; PARTITION_NETLIST_TYPE              ; SOURCE                        ; --            ; --          ; Top        ;
+-------------------------------------+-------------------------------+---------------+-------------+------------+


+-------------------------------------------------------------------------------------------------------------------------------+
; Flow Elapsed Time                                                                                                             ;
+---------------------------+--------------+-------------------------+---------------------+------------------------------------+
; Module Name               ; Elapsed Time ; Average Processors Used ; Peak Virtual Memory ; Total CPU Time (on all processors) ;
+---------------------------+--------------+-------------------------+---------------------+------------------------------------+
; Analysis & Synthesis      ; 00:00:05     ; 1.0                     ; 289 MB              ; 00:00:01                           ;
; Fitter                    ; 00:00:03     ; 1.0                     ; 287 MB              ; 00:00:01                           ;
; Assembler                 ; 00:00:06     ; 1.0                     ; 232 MB              ; 00:00:00                           ;
; TimeQuest Timing Analyzer ; 00:00:08     ; 1.0                     ; 222 MB              ; 00:00:01                           ;
; TimeQuest Timing Analyzer ; 00:00:02     ; 1.0                     ; 222 MB              ; 00:00:01                           ;
; Total                     ; 00:00:24     ; --                      ; --                  ; 00:00:04                           ;
+---------------------------+--------------+-------------------------+---------------------+------------------------------------+


+----------------------------------------------------------------------------------------+
; Flow OS Summary                                                                        ;
+---------------------------+------------------+-----------+------------+----------------+
; Module Name               ; Machine Hostname ; OS Name   ; OS Version ; Processor type ;
+---------------------------+------------------+-----------+------------+----------------+
; Analysis & Synthesis      ; Veronica-PC      ; Windows 7 ; 6.1        ; x86_64         ;
; Fitter                    ; Veronica-PC      ; Windows 7 ; 6.1        ; x86_64         ;
; Assembler                 ; Veronica-PC      ; Windows 7 ; 6.1        ; x86_64         ;
; TimeQuest Timing Analyzer ; Veronica-PC      ; Windows 7 ; 6.1        ; x86_64         ;
; TimeQuest Timing Analyzer ; Veronica-PC      ; Windows 7 ; 6.1        ; x86_64         ;
+---------------------------+------------------+-----------+------------+----------------+


------------
; Flow Log ;
------------
quartus_map --read_settings_files=on --write_settings_files=off lab2_1 -c lab2_1
quartus_fit --read_settings_files=off --write_settings_files=off lab2_1 -c lab2_1
quartus_asm --read_settings_files=off --write_settings_files=off lab2_1 -c lab2_1
quartus_sta lab2_1 -c lab2_1
quartus_sta lab2_1 -c lab2_1



