Analysis & Synthesis report for mgkq8
Wed Sep 16 14:01:24 2020
Quartus II Version 11.0 Build 208 07/03/2011 Service Pack 1 SJ Web Edition


---------------------
; Table of Contents ;
---------------------
  1. Legal Notice
  2. Analysis & Synthesis Summary
  3. Analysis & Synthesis Settings
  4. Parallel Compilation
  5. Analysis & Synthesis Source Files Read
  6. Analysis & Synthesis Resource Usage Summary
  7. Analysis & Synthesis Resource Utilization by Entity
  8. General Register Statistics
  9. Parameter Settings for User Entity Instance: lpm_decode:mgl_prim1
 10. Elapsed Time Per Partition
 11. Analysis & Synthesis Messages



----------------
; Legal Notice ;
----------------
Copyright (C) 1991-2011 Altera Corporation
Your use of Altera Corporation's design tools, logic functions 
and other software and tools, and its AMPP partner logic 
functions, and any output files from any of the foregoing 
(including device programming or simulation files), and any 
associated documentation or information are expressly subject 
to the terms and conditions of the Altera Program License 
Subscription Agreement, Altera MegaCore Function License 
Agreement, or other applicable license agreement, including, 
without limitation, that your use is for the sole purpose of 
programming logic devices manufactured by Altera and sold by 
Altera or its authorized distributors.  Please refer to the 
applicable agreement for further details.



+-----------------------------------------------------------------------------+
; Analysis & Synthesis Summary                                                ;
+-----------------------------+-----------------------------------------------+
; Analysis & Synthesis Status ; Successful - Wed Sep 16 14:01:18 2020         ;
; Quartus II Version          ; 11.0 Build 208 07/03/2011 SP 1 SJ Web Edition ;
; Revision Name               ; mgkq8                                         ;
; Top-level Entity Name       ; mgkq8                                         ;
; Family                      ; Cyclone                                       ;
; Total logic elements        ; 280                                           ;
; Total pins                  ; 264                                           ;
; Total virtual pins          ; 0                                             ;
; Total memory bits           ; 0                                             ;
; Total PLLs                  ; 0                                             ;
+-----------------------------+-----------------------------------------------+


+----------------------------------------------------------------------------------------------------------------------+
; Analysis & Synthesis Settings                                                                                        ;
+----------------------------------------------------------------------------+--------------------+--------------------+
; Option                                                                     ; Setting            ; Default Value      ;
+----------------------------------------------------------------------------+--------------------+--------------------+
; Top-level entity name                                                      ; mgkq8              ; mgkq8              ;
; Family name                                                                ; Cyclone            ; Cyclone IV GX      ;
; Use smart compilation                                                      ; Off                ; Off                ;
; Enable parallel Assembler and TimeQuest Timing Analyzer during compilation ; On                 ; On                 ;
; Enable compact report table                                                ; Off                ; Off                ;
; Restructure Multiplexers                                                   ; Auto               ; Auto               ;
; Create Debugging Nodes for IP Cores                                        ; Off                ; Off                ;
; Preserve fewer node names                                                  ; On                 ; On                 ;
; Disable OpenCore Plus hardware evaluation                                  ; Off                ; Off                ;
; Verilog Version                                                            ; Verilog_2001       ; Verilog_2001       ;
; VHDL Version                                                               ; VHDL_1993          ; VHDL_1993          ;
; State Machine Processing                                                   ; Auto               ; Auto               ;
; Safe State Machine                                                         ; Off                ; Off                ;
; Extract Verilog State Machines                                             ; On                 ; On                 ;
; Extract VHDL State Machines                                                ; On                 ; On                 ;
; Ignore Verilog initial constructs                                          ; Off                ; Off                ;
; Iteration limit for constant Verilog loops                                 ; 5000               ; 5000               ;
; Iteration limit for non-constant Verilog loops                             ; 250                ; 250                ;
; Add Pass-Through Logic to Inferred RAMs                                    ; On                 ; On                 ;
; Parallel Synthesis                                                         ; On                 ; On                 ;
; NOT Gate Push-Back                                                         ; On                 ; On                 ;
; Power-Up Don't Care                                                        ; On                 ; On                 ;
; Remove Redundant Logic Cells                                               ; Off                ; Off                ;
; Remove Duplicate Registers                                                 ; On                 ; On                 ;
; Ignore CARRY Buffers                                                       ; Off                ; Off                ;
; Ignore CASCADE Buffers                                                     ; Off                ; Off                ;
; Ignore GLOBAL Buffers                                                      ; Off                ; Off                ;
; Ignore ROW GLOBAL Buffers                                                  ; Off                ; Off                ;
; Ignore LCELL Buffers                                                       ; Off                ; Off                ;
; Ignore SOFT Buffers                                                        ; On                 ; On                 ;
; Limit AHDL Integers to 32 Bits                                             ; Off                ; Off                ;
; Optimization Technique                                                     ; Balanced           ; Balanced           ;
; Carry Chain Length                                                         ; 70                 ; 70                 ;
; Auto Carry Chains                                                          ; On                 ; On                 ;
; Auto Open-Drain Pins                                                       ; On                 ; On                 ;
; Perform WYSIWYG Primitive Resynthesis                                      ; Off                ; Off                ;
; Auto ROM Replacement                                                       ; On                 ; On                 ;
; Auto RAM Replacement                                                       ; On                 ; On                 ;
; Auto Shift Register Replacement                                            ; Auto               ; Auto               ;
; Allow Shift Register Merging across Hierarchies                            ; Auto               ; Auto               ;
; Auto Clock Enable Replacement                                              ; On                 ; On                 ;
; Strict RAM Replacement                                                     ; Off                ; Off                ;
; Allow Synchronous Control Signals                                          ; On                 ; On                 ;
; Force Use of Synchronous Clear Signals                                     ; Off                ; Off                ;
; Auto RAM Block Balancing                                                   ; On                 ; On                 ;
; Auto RAM to Logic Cell Conversion                                          ; Off                ; Off                ;
; Auto Resource Sharing                                                      ; Off                ; Off                ;
; Allow Any RAM Size For Recognition                                         ; Off                ; Off                ;
; Allow Any ROM Size For Recognition                                         ; Off                ; Off                ;
; Allow Any Shift Register Size For Recognition                              ; Off                ; Off                ;
; Use LogicLock Constraints during Resource Balancing                        ; On                 ; On                 ;
; Ignore translate_off and synthesis_off directives                          ; Off                ; Off                ;
; Report Parameter Settings                                                  ; On                 ; On                 ;
; Report Source Assignments                                                  ; On                 ; On                 ;
; Report Connectivity Checks                                                 ; On                 ; On                 ;
; Ignore Maximum Fan-Out Assignments                                         ; Off                ; Off                ;
; Synchronization Register Chain Length                                      ; 2                  ; 2                  ;
; PowerPlay Power Optimization                                               ; Normal compilation ; Normal compilation ;
; HDL message level                                                          ; Level2             ; Level2             ;
; Suppress Register Optimization Related Messages                            ; Off                ; Off                ;
; Number of Removed Registers Reported in Synthesis Report                   ; 5000               ; 5000               ;
; Number of Inverted Registers Reported in Synthesis Report                  ; 100                ; 100                ;
; Clock MUX Protection                                                       ; On                 ; On                 ;
; Block Design Naming                                                        ; Auto               ; Auto               ;
; Synthesis Effort                                                           ; Auto               ; Auto               ;
; Shift Register Replacement - Allow Asynchronous Clear Signal               ; On                 ; On                 ;
; Analysis & Synthesis Message Level                                         ; Medium             ; Medium             ;
; Disable Register Merging Across Hierarchies                                ; Auto               ; Auto               ;
; Resource Aware Inference For Block RAM                                     ; On                 ; On                 ;
; Synthesis Seed                                                             ; 1                  ; 1                  ;
+----------------------------------------------------------------------------+--------------------+--------------------+


Parallel compilation was disabled, but you have multiple processors available. Enable parallel compilation to reduce compilation time.
+-------------------------------------+
; Parallel Compilation                ;
+----------------------------+--------+
; Processors                 ; Number ;
+----------------------------+--------+
; Number detected on machine ; 4      ;
; Maximum allowed            ; 1      ;
+----------------------------+--------+


+--------------------------------------------------------------------------------------------------------------------------------------------------------------+
; Analysis & Synthesis Source Files Read                                                                                                                       ;
+------------------------------------------------+-----------------+------------------------------+------------------------------------------------------------+
; File Name with User-Entered Path               ; Used in Netlist ; File Type                    ; File Name with Absolute Path                               ;
+------------------------------------------------+-----------------+------------------------------+------------------------------------------------------------+
; E:/FPGA/lab1_3/greybox_tmp/greybox_tmp/mgkq8.v ; yes             ; User Verilog HDL File        ; E:/FPGA/lab1_3/greybox_tmp/greybox_tmp/mgkq8.v             ;
; lpm_decode.tdf                                 ; yes             ; Megafunction                 ; d:/altera/quartus/libraries/megafunctions/lpm_decode.tdf   ;
; declut.inc                                     ; yes             ; Megafunction                 ; d:/altera/quartus/libraries/megafunctions/declut.inc       ;
; altshift.inc                                   ; yes             ; Megafunction                 ; d:/altera/quartus/libraries/megafunctions/altshift.inc     ;
; lpm_compare.inc                                ; yes             ; Megafunction                 ; d:/altera/quartus/libraries/megafunctions/lpm_compare.inc  ;
; lpm_constant.inc                               ; yes             ; Megafunction                 ; d:/altera/quartus/libraries/megafunctions/lpm_constant.inc ;
; aglobal110.inc                                 ; yes             ; Megafunction                 ; d:/altera/quartus/libraries/megafunctions/aglobal110.inc   ;
; db/decode_k2f.tdf                              ; yes             ; Auto-Generated Megafunction  ; E:/FPGA/lab1_3/greybox_tmp/greybox_tmp/db/decode_k2f.tdf   ;
+------------------------------------------------+-----------------+------------------------------+------------------------------------------------------------+


+-------------------------------------------------------+
; Analysis & Synthesis Resource Usage Summary           ;
+---------------------------------------------+---------+
; Resource                                    ; Usage   ;
+---------------------------------------------+---------+
; Total logic elements                        ; 280     ;
;     -- Combinational with no register       ; 280     ;
;     -- Register only                        ; 0       ;
;     -- Combinational with a register        ; 0       ;
;                                             ;         ;
; Logic element usage by number of LUT inputs ;         ;
;     -- 4 input functions                    ; 256     ;
;     -- 3 input functions                    ; 12      ;
;     -- 2 input functions                    ; 12      ;
;     -- 1 input functions                    ; 0       ;
;     -- 0 input functions                    ; 0       ;
;                                             ;         ;
; Logic elements by mode                      ;         ;
;     -- normal mode                          ; 280     ;
;     -- arithmetic mode                      ; 0       ;
;     -- qfbk mode                            ; 0       ;
;     -- register cascade mode                ; 0       ;
;     -- synchronous clear/load mode          ; 0       ;
;     -- asynchronous clear/load mode         ; 0       ;
;                                             ;         ;
; Total registers                             ; 0       ;
; I/O pins                                    ; 264     ;
; Maximum fan-out node                        ; data[2] ;
; Maximum fan-out                             ; 130     ;
; Total fan-out                               ; 1340    ;
; Average fan-out                             ; 2.46    ;
+---------------------------------------------+---------+


+----------------------------------------------------------------------------------------------------------------------------------------------------------------------------------------------------------------------------------------------------------------+
; Analysis & Synthesis Resource Utilization by Entity                                                                                                                                                                                                            ;
+-----------------------------------+-------------+--------------+-------------+------+--------------+--------------+-------------------+------------------+-----------------+------------+-------------------------------------------------------+--------------+
; Compilation Hierarchy Node        ; Logic Cells ; LC Registers ; Memory Bits ; Pins ; Virtual Pins ; LUT-Only LCs ; Register-Only LCs ; LUT/Register LCs ; Carry Chain LCs ; Packed LCs ; Full Hierarchy Name                                   ; Library Name ;
+-----------------------------------+-------------+--------------+-------------+------+--------------+--------------+-------------------+------------------+-----------------+------------+-------------------------------------------------------+--------------+
; |mgkq8                            ; 280 (0)     ; 0            ; 0           ; 264  ; 0            ; 280 (0)      ; 0 (0)             ; 0 (0)            ; 0 (0)           ; 0 (0)      ; |mgkq8                                                ;              ;
;    |lpm_decode:mgl_prim1|         ; 280 (0)     ; 0            ; 0           ; 0    ; 0            ; 280 (0)      ; 0 (0)             ; 0 (0)            ; 0 (0)           ; 0 (0)      ; |mgkq8|lpm_decode:mgl_prim1                           ;              ;
;       |decode_k2f:auto_generated| ; 280 (280)   ; 0            ; 0           ; 0    ; 0            ; 280 (280)    ; 0 (0)             ; 0 (0)            ; 0 (0)           ; 0 (0)      ; |mgkq8|lpm_decode:mgl_prim1|decode_k2f:auto_generated ;              ;
+-----------------------------------+-------------+--------------+-------------+------+--------------+--------------+-------------------+------------------+-----------------+------------+-------------------------------------------------------+--------------+
Note: For table entries with two numbers listed, the numbers in parentheses indicate the number of resources of the given type used by the specific entity alone. The numbers listed outside of parentheses indicate the total resources of the given type used by the specific entity and all of its sub-entities in the hierarchy.


+------------------------------------------------------+
; General Register Statistics                          ;
+----------------------------------------------+-------+
; Statistic                                    ; Value ;
+----------------------------------------------+-------+
; Total registers                              ; 0     ;
; Number of registers using Synchronous Clear  ; 0     ;
; Number of registers using Synchronous Load   ; 0     ;
; Number of registers using Asynchronous Clear ; 0     ;
; Number of registers using Asynchronous Load  ; 0     ;
; Number of registers using Clock Enable       ; 0     ;
; Number of registers using Preset             ; 0     ;
+----------------------------------------------+-------+


+-------------------------------------------------------------------+
; Parameter Settings for User Entity Instance: lpm_decode:mgl_prim1 ;
+------------------------+------------+-----------------------------+
; Parameter Name         ; Value      ; Type                        ;
+------------------------+------------+-----------------------------+
; LPM_WIDTH              ; 8          ; Signed Integer              ;
; LPM_DECODES            ; 256        ; Signed Integer              ;
; LPM_PIPELINE           ; 0          ; Untyped                     ;
; CASCADE_CHAIN          ; MANUAL     ; Untyped                     ;
; DEVICE_FAMILY          ; Cyclone    ; Untyped                     ;
; CBXI_PARAMETER         ; decode_k2f ; Untyped                     ;
; AUTO_CARRY_CHAINS      ; ON         ; AUTO_CARRY                  ;
; IGNORE_CARRY_BUFFERS   ; OFF        ; IGNORE_CARRY                ;
; AUTO_CASCADE_CHAINS    ; ON         ; AUTO_CASCADE                ;
; IGNORE_CASCADE_BUFFERS ; OFF        ; IGNORE_CASCADE              ;
+------------------------+------------+-----------------------------+
Note: In order to hide this table in the UI and the text report file, please set the "Show Parameter Settings in Synthesis Report" option in "Analysis and Synthesis Settings -> More Settings" to "Off".


+-------------------------------+
; Elapsed Time Per Partition    ;
+----------------+--------------+
; Partition Name ; Elapsed Time ;
+----------------+--------------+
; Top            ; 00:00:00     ;
+----------------+--------------+


+-------------------------------+
; Analysis & Synthesis Messages ;
+-------------------------------+
Info: *******************************************************************
Info: Running Quartus II Analysis & Synthesis
    Info: Version 11.0 Build 208 07/03/2011 Service Pack 1 SJ Web Edition
    Info: Copyright (C) 1991-2011 Altera Corporation. All rights reserved.
    Info: Your use of Altera Corporation's design tools, logic functions 
    Info: and other software and tools, and its AMPP partner logic 
    Info: functions, and any output files from any of the foregoing 
    Info: (including device programming or simulation files), and any 
    Info: associated documentation or information are expressly subject 
    Info: to the terms and conditions of the Altera Program License 
    Info: Subscription Agreement, Altera MegaCore Function License 
    Info: Agreement, or other applicable license agreement, including, 
    Info: without limitation, that your use is for the sole purpose of 
    Info: programming logic devices manufactured by Altera and sold by 
    Info: Altera or its authorized distributors.  Please refer to the 
    Info: applicable agreement for further details.
    Info: Processing started: Wed Sep 16 14:01:13 2020
Info: Command: quartus_map mgkq8 --source=E:\FPGA\lab1_3\greybox_tmp/greybox_tmp/mgkq8.v --ini=greybox_disable_cut_checks=on --family=Cyclone
Warning: Parallel compilation is not licensed and has been disabled
Info: Found 1 design units, including 1 entities, in source file mgkq8.v
    Info: Found entity 1: mgkq8
Info: Elaborating entity "mgkq8" for the top level hierarchy
Info: Elaborating entity "lpm_decode" for hierarchy "lpm_decode:mgl_prim1"
Info: Elaborated megafunction instantiation "lpm_decode:mgl_prim1"
Info: Instantiated megafunction "lpm_decode:mgl_prim1" with the following parameter:
    Info: Parameter "lpm_decodes" = "256"
    Info: Parameter "lpm_type" = "LPM_DECODE"
    Info: Parameter "lpm_width" = "8"
Info: Found 1 design units, including 1 entities, in source file db/decode_k2f.tdf
    Info: Found entity 1: decode_k2f
Info: Elaborating entity "decode_k2f" for hierarchy "lpm_decode:mgl_prim1|decode_k2f:auto_generated"
Info: Generating hard_block partition "hard_block:auto_generated_inst"
Info: Implemented 544 device resources after synthesis - the final resource count might be different
    Info: Implemented 8 input pins
    Info: Implemented 256 output pins
    Info: Implemented 280 logic cells
Info: Quartus II Analysis & Synthesis was successful. 0 errors, 1 warning
    Info: Peak virtual memory: 261 megabytes
    Info: Processing ended: Wed Sep 16 14:01:24 2020
    Info: Elapsed time: 00:00:11
    Info: Total CPU time (on all processors): 00:00:02


